stdio    D         file_stdio.c:110  file_stdio_fopen                 [   0.00000] opening F:\File\Important Data\I2P1_Final_project_I-wanna-handout-the-final-project\bin\Debug\allegro5.cfg r
system   D            wsystem.c:874  _al_win_safe_load_library        [   0.00000] PathFindOnPath found: C:\WINDOWS\system32\shcore.dll
system   D            wsystem.c:780  load_library_at_path             [   0.00000] Calling LoadLibrary C:\WINDOWS\system32\shcore.dll
system   I            wsystem.c:783  load_library_at_path             [   0.00000] Loaded C:\WINDOWS\system32\shcore.dll
system   I             system.c:271  al_install_system                [   0.00000] Allegro version: 5.2.7
audio-dsound I           dsound.cpp:271  _dsound_open                     [   0.00018] Starting DirectSound...
audio-dsound D           dsound.cpp:280  _dsound_open                     [   0.02686] DirectSoundCreate8 succeeded
audio-dsound I           dsound.cpp:73   get_window                       [   0.02692] Using desktop window: 0000000000010010
audio    I              audio.c:347  do_install_audio                 [   0.02705] Using DirectSound driver
system   D            wsystem.c:874  _al_win_safe_load_library        [   0.02732] PathFindOnPath found: C:\WINDOWS\system32\d3d9.dll
system   D            wsystem.c:780  load_library_at_path             [   0.02735] Calling LoadLibrary C:\WINDOWS\system32\d3d9.dll
system   I            wsystem.c:783  load_library_at_path             [   0.03007] Loaded C:\WINDOWS\system32\d3d9.dll
d3d      I         d3d_disp.cpp:684  d3d_init_display                 [   0.09948] Render-to-texture: 1
d3d      I         d3d_disp.cpp:1782 d3d_create_display_locked        [   0.10032] faux_fullscreen=0
d3d      D         d3d_disp.cpp:1783 d3d_create_display_locked        [   0.10040] al_display=00000000001baed0
d3d      D         d3d_disp.cpp:1784 d3d_create_display_locked        [   0.10046] al_display->vt=00000000001b88d0
d3d      I d3d_display_formats.cpp:144  _al_d3d_generate_display_format_list [   0.14572] found 160 format combinations
display  D   display_settings.c:212  debug_display_settings           [   0.14583] color: 32 (rgba 8880), depth: 0, stencil: 0, acc: 0000, samples: 0/0
display  D   display_settings.c:527  _al_score_display_settings       [   0.14592] Score is : 897
display  D   display_settings.c:212  debug_display_settings           [   0.14599] color: 32 (rgba 8880), depth: 0, stencil: 0, acc: 0000, samples: 0/0
display  D   display_settings.c:527  _al_score_display_settings       [   0.14606] Score is : 897
display  D   display_settings.c:212  debug_display_settings           [   0.14614] color: 32 (rgba 8880), depth: 0, stencil: 0, acc: 0000, samples: 2/1
display  D   display_settings.c:527  _al_score_display_settings       [   0.14620] Score is : 726
display  D   display_settings.c:212  debug_display_settings           [   0.14626] color: 32 (rgba 8880), depth: 0, stencil: 0, acc: 0000, samples: 3/1
display  D   display_settings.c:527  _al_score_display_settings       [   0.14631] Score is : 721
display  D   display_settings.c:212  debug_display_settings           [   0.14636] color: 32 (rgba 8880), depth: 0, stencil: 0, acc: 0000, samples: 4/1
display  D   display_settings.c:527  _al_score_display_settings       [   0.14639] Score is : 717
display  D   display_settings.c:212  debug_display_settings           [   0.14642] color: 32 (rgba 8880), depth: 24, stencil: 8, acc: 0000, samples: 0/0
display  D   display_settings.c:527  _al_score_display_settings       [   0.14645] Score is : 897
display  D   display_settings.c:212  debug_display_settings           [   0.14647] color: 32 (rgba 8880), depth: 24, stencil: 8, acc: 0000, samples: 0/0
display  D   display_settings.c:527  _al_score_display_settings       [   0.14650] Score is : 897
display  D   display_settings.c:212  debug_display_settings           [   0.14652] color: 32 (rgba 8880), depth: 24, stencil: 8, acc: 0000, samples: 2/1
display  D   display_settings.c:527  _al_score_display_settings       [   0.14655] Score is : 726
display  D   display_settings.c:212  debug_display_settings           [   0.14663] color: 32 (rgba 8880), depth: 24, stencil: 8, acc: 0000, samples: 3/1
display  D   display_settings.c:527  _al_score_display_settings       [   0.14666] Score is : 721
display  D   display_settings.c:212  debug_display_settings           [   0.14668] color: 32 (rgba 8880), depth: 24, stencil: 8, acc: 0000, samples: 4/1
display  D   display_settings.c:527  _al_score_display_settings       [   0.14670] Score is : 717
display  D   display_settings.c:212  debug_display_settings           [   0.14672] color: 32 (rgba 8880), depth: 24, stencil: 0, acc: 0000, samples: 0/0
display  D   display_settings.c:527  _al_score_display_settings       [   0.14675] Score is : 897
display  D   display_settings.c:212  debug_display_settings           [   0.14677] color: 32 (rgba 8880), depth: 24, stencil: 0, acc: 0000, samples: 0/0
display  D   display_settings.c:527  _al_score_display_settings       [   0.14679] Score is : 897
display  D   display_settings.c:212  debug_display_settings           [   0.14681] color: 32 (rgba 8880), depth: 24, stencil: 0, acc: 0000, samples: 2/1
display  D   display_settings.c:527  _al_score_display_settings       [   0.14684] Score is : 726
display  D   display_settings.c:212  debug_display_settings           [   0.14687] color: 32 (rgba 8880), depth: 24, stencil: 0, acc: 0000, samples: 3/1
display  D   display_settings.c:527  _al_score_display_settings       [   0.14692] Score is : 721
display  D   display_settings.c:212  debug_display_settings           [   0.14696] color: 32 (rgba 8880), depth: 24, stencil: 0, acc: 0000, samples: 4/1
display  D   display_settings.c:527  _al_score_display_settings       [   0.14700] Score is : 717
display  D   display_settings.c:212  debug_display_settings           [   0.14703] color: 32 (rgba 8880), depth: 16, stencil: 0, acc: 0000, samples: 0/0
display  D   display_settings.c:527  _al_score_display_settings       [   0.14707] Score is : 897
display  D   display_settings.c:212  debug_display_settings           [   0.14713] color: 32 (rgba 8880), depth: 16, stencil: 0, acc: 0000, samples: 0/0
display  D   display_settings.c:527  _al_score_display_settings       [   0.14715] Score is : 897
display  D   display_settings.c:212  debug_display_settings           [   0.14718] color: 32 (rgba 8880), depth: 16, stencil: 0, acc: 0000, samples: 2/1
display  D   display_settings.c:527  _al_score_display_settings       [   0.14723] Score is : 726
display  D   display_settings.c:212  debug_display_settings           [   0.14726] color: 32 (rgba 8880), depth: 16, stencil: 0, acc: 0000, samples: 3/1
display  D   display_settings.c:527  _al_score_display_settings       [   0.14729] Score is : 721
display  D   display_settings.c:212  debug_display_settings           [   0.14731] color: 32 (rgba 8880), depth: 16, stencil: 0, acc: 0000, samples: 4/1
display  D   display_settings.c:527  _al_score_display_settings       [   0.14733] Score is : 717
display  D   display_settings.c:212  debug_display_settings           [   0.14736] color: 16 (rgba 5650), depth: 0, stencil: 0, acc: 0000, samples: 0/0
display  D   display_settings.c:527  _al_score_display_settings       [   0.14738] Score is : 897
display  D   display_settings.c:212  debug_display_settings           [   0.14740] color: 16 (rgba 5650), depth: 0, stencil: 0, acc: 0000, samples: 0/0
display  D   display_settings.c:527  _al_score_display_settings       [   0.14742] Score is : 897
display  D   display_settings.c:212  debug_display_settings           [   0.14744] color: 16 (rgba 5650), depth: 0, stencil: 0, acc: 0000, samples: 2/1
display  D   display_settings.c:527  _al_score_display_settings       [   0.14746] Score is : 726
display  D   display_settings.c:212  debug_display_settings           [   0.14748] color: 16 (rgba 5650), depth: 0, stencil: 0, acc: 0000, samples: 3/1
display  D   display_settings.c:527  _al_score_display_settings       [   0.14750] Score is : 721
display  D   display_settings.c:212  debug_display_settings           [   0.14753] color: 16 (rgba 5650), depth: 0, stencil: 0, acc: 0000, samples: 4/1
display  D   display_settings.c:527  _al_score_display_settings       [   0.14755] Score is : 717
display  D   display_settings.c:212  debug_display_settings           [   0.14757] color: 16 (rgba 5650), depth: 24, stencil: 8, acc: 0000, samples: 0/0
display  D   display_settings.c:527  _al_score_display_settings       [   0.14760] Score is : 897
display  D   display_settings.c:212  debug_display_settings           [   0.14762] color: 16 (rgba 5650), depth: 24, stencil: 8, acc: 0000, samples: 0/0
display  D   display_settings.c:527  _al_score_display_settings       [   0.14764] Score is : 897
display  D   display_settings.c:212  debug_display_settings           [   0.14766] color: 16 (rgba 5650), depth: 24, stencil: 8, acc: 0000, samples: 2/1
display  D   display_settings.c:527  _al_score_display_settings       [   0.14768] Score is : 726
display  D   display_settings.c:212  debug_display_settings           [   0.14770] color: 16 (rgba 5650), depth: 24, stencil: 8, acc: 0000, samples: 3/1
display  D   display_settings.c:527  _al_score_display_settings       [   0.14772] Score is : 721
display  D   display_settings.c:212  debug_display_settings           [   0.14774] color: 16 (rgba 5650), depth: 24, stencil: 8, acc: 0000, samples: 4/1
display  D   display_settings.c:527  _al_score_display_settings       [   0.14777] Score is : 717
display  D   display_settings.c:212  debug_display_settings           [   0.14779] color: 16 (rgba 5650), depth: 24, stencil: 0, acc: 0000, samples: 0/0
display  D   display_settings.c:527  _al_score_display_settings       [   0.14781] Score is : 897
display  D   display_settings.c:212  debug_display_settings           [   0.14783] color: 16 (rgba 5650), depth: 24, stencil: 0, acc: 0000, samples: 0/0
display  D   display_settings.c:527  _al_score_display_settings       [   0.14785] Score is : 897
display  D   display_settings.c:212  debug_display_settings           [   0.14787] color: 16 (rgba 5650), depth: 24, stencil: 0, acc: 0000, samples: 2/1
display  D   display_settings.c:527  _al_score_display_settings       [   0.14789] Score is : 726
display  D   display_settings.c:212  debug_display_settings           [   0.14791] color: 16 (rgba 5650), depth: 24, stencil: 0, acc: 0000, samples: 3/1
display  D   display_settings.c:527  _al_score_display_settings       [   0.14794] Score is : 721
display  D   display_settings.c:212  debug_display_settings           [   0.14796] color: 16 (rgba 5650), depth: 24, stencil: 0, acc: 0000, samples: 4/1
display  D   display_settings.c:527  _al_score_display_settings       [   0.14798] Score is : 717
display  D   display_settings.c:212  debug_display_settings           [   0.14800] color: 16 (rgba 5650), depth: 16, stencil: 0, acc: 0000, samples: 0/0
display  D   display_settings.c:527  _al_score_display_settings       [   0.14802] Score is : 897
display  D   display_settings.c:212  debug_display_settings           [   0.14804] color: 16 (rgba 5650), depth: 16, stencil: 0, acc: 0000, samples: 0/0
display  D   display_settings.c:527  _al_score_display_settings       [   0.14806] Score is : 897
display  D   display_settings.c:212  debug_display_settings           [   0.14808] color: 16 (rgba 5650), depth: 16, stencil: 0, acc: 0000, samples: 2/1
display  D   display_settings.c:527  _al_score_display_settings       [   0.14813] Score is : 726
display  D   display_settings.c:212  debug_display_settings           [   0.14815] color: 16 (rgba 5650), depth: 16, stencil: 0, acc: 0000, samples: 3/1
display  D   display_settings.c:527  _al_score_display_settings       [   0.14818] Score is : 721
display  D   display_settings.c:212  debug_display_settings           [   0.14820] color: 16 (rgba 5650), depth: 16, stencil: 0, acc: 0000, samples: 4/1
display  D   display_settings.c:527  _al_score_display_settings       [   0.14822] Score is : 717
display  D   display_settings.c:212  debug_display_settings           [   0.14824] color: 32 (rgba 8880), depth: 0, stencil: 0, acc: 0000, samples: 0/0
display  D   display_settings.c:398  _al_score_display_settings       [   0.14827] Single Buffer requirement not met.
display  D   display_settings.c:212  debug_display_settings           [   0.14830] color: 32 (rgba 8880), depth: 0, stencil: 0, acc: 0000, samples: 0/0
display  D   display_settings.c:398  _al_score_display_settings       [   0.14832] Single Buffer requirement not met.
display  D   display_settings.c:212  debug_display_settings           [   0.14835] color: 32 (rgba 8880), depth: 0, stencil: 0, acc: 0000, samples: 2/1
display  D   display_settings.c:398  _al_score_display_settings       [   0.14837] Single Buffer requirement not met.
display  D   display_settings.c:212  debug_display_settings           [   0.14839] color: 32 (rgba 8880), depth: 0, stencil: 0, acc: 0000, samples: 3/1
display  D   display_settings.c:398  _al_score_display_settings       [   0.14841] Single Buffer requirement not met.
display  D   display_settings.c:212  debug_display_settings           [   0.14843] color: 32 (rgba 8880), depth: 0, stencil: 0, acc: 0000, samples: 4/1
display  D   display_settings.c:398  _al_score_display_settings       [   0.14846] Single Buffer requirement not met.
display  D   display_settings.c:212  debug_display_settings           [   0.14848] color: 32 (rgba 8880), depth: 24, stencil: 8, acc: 0000, samples: 0/0
display  D   display_settings.c:398  _al_score_display_settings       [   0.14850] Single Buffer requirement not met.
display  D   display_settings.c:212  debug_display_settings           [   0.14852] color: 32 (rgba 8880), depth: 24, stencil: 8, acc: 0000, samples: 0/0
display  D   display_settings.c:398  _al_score_display_settings       [   0.14858] Single Buffer requirement not met.
display  D   display_settings.c:212  debug_display_settings           [   0.14861] color: 32 (rgba 8880), depth: 24, stencil: 8, acc: 0000, samples: 2/1
display  D   display_settings.c:398  _al_score_display_settings       [   0.14866] Single Buffer requirement not met.
display  D   display_settings.c:212  debug_display_settings           [   0.14871] color: 32 (rgba 8880), depth: 24, stencil: 8, acc: 0000, samples: 3/1
display  D   display_settings.c:398  _al_score_display_settings       [   0.14874] Single Buffer requirement not met.
display  D   display_settings.c:212  debug_display_settings           [   0.14877] color: 32 (rgba 8880), depth: 24, stencil: 8, acc: 0000, samples: 4/1
display  D   display_settings.c:398  _al_score_display_settings       [   0.14882] Single Buffer requirement not met.
display  D   display_settings.c:212  debug_display_settings           [   0.14887] color: 32 (rgba 8880), depth: 24, stencil: 0, acc: 0000, samples: 0/0
display  D   display_settings.c:398  _al_score_display_settings       [   0.14889] Single Buffer requirement not met.
display  D   display_settings.c:212  debug_display_settings           [   0.14895] color: 32 (rgba 8880), depth: 24, stencil: 0, acc: 0000, samples: 0/0
display  D   display_settings.c:398  _al_score_display_settings       [   0.14899] Single Buffer requirement not met.
display  D   display_settings.c:212  debug_display_settings           [   0.14903] color: 32 (rgba 8880), depth: 24, stencil: 0, acc: 0000, samples: 2/1
display  D   display_settings.c:398  _al_score_display_settings       [   0.14905] Single Buffer requirement not met.
display  D   display_settings.c:212  debug_display_settings           [   0.14911] color: 32 (rgba 8880), depth: 24, stencil: 0, acc: 0000, samples: 3/1
display  D   display_settings.c:398  _al_score_display_settings       [   0.14914] Single Buffer requirement not met.
display  D   display_settings.c:212  debug_display_settings           [   0.14918] color: 32 (rgba 8880), depth: 24, stencil: 0, acc: 0000, samples: 4/1
display  D   display_settings.c:398  _al_score_display_settings       [   0.14922] Single Buffer requirement not met.
display  D   display_settings.c:212  debug_display_settings           [   0.14925] color: 32 (rgba 8880), depth: 16, stencil: 0, acc: 0000, samples: 0/0
display  D   display_settings.c:398  _al_score_display_settings       [   0.14933] Single Buffer requirement not met.
display  D   display_settings.c:212  debug_display_settings           [   0.14936] color: 32 (rgba 8880), depth: 16, stencil: 0, acc: 0000, samples: 0/0
display  D   display_settings.c:398  _al_score_display_settings       [   0.14938] Single Buffer requirement not met.
display  D   display_settings.c:212  debug_display_settings           [   0.14940] color: 32 (rgba 8880), depth: 16, stencil: 0, acc: 0000, samples: 2/1
display  D   display_settings.c:398  _al_score_display_settings       [   0.14943] Single Buffer requirement not met.
display  D   display_settings.c:212  debug_display_settings           [   0.14945] color: 32 (rgba 8880), depth: 16, stencil: 0, acc: 0000, samples: 3/1
display  D   display_settings.c:398  _al_score_display_settings       [   0.14947] Single Buffer requirement not met.
display  D   display_settings.c:212  debug_display_settings           [   0.14949] color: 32 (rgba 8880), depth: 16, stencil: 0, acc: 0000, samples: 4/1
display  D   display_settings.c:398  _al_score_display_settings       [   0.14952] Single Buffer requirement not met.
display  D   display_settings.c:212  debug_display_settings           [   0.14954] color: 16 (rgba 5650), depth: 0, stencil: 0, acc: 0000, samples: 0/0
display  D   display_settings.c:398  _al_score_display_settings       [   0.14956] Single Buffer requirement not met.
display  D   display_settings.c:212  debug_display_settings           [   0.14958] color: 16 (rgba 5650), depth: 0, stencil: 0, acc: 0000, samples: 0/0
display  D   display_settings.c:398  _al_score_display_settings       [   0.14960] Single Buffer requirement not met.
display  D   display_settings.c:212  debug_display_settings           [   0.14962] color: 16 (rgba 5650), depth: 0, stencil: 0, acc: 0000, samples: 2/1
display  D   display_settings.c:398  _al_score_display_settings       [   0.14965] Single Buffer requirement not met.
display  D   display_settings.c:212  debug_display_settings           [   0.14967] color: 16 (rgba 5650), depth: 0, stencil: 0, acc: 0000, samples: 3/1
display  D   display_settings.c:398  _al_score_display_settings       [   0.14969] Single Buffer requirement not met.
display  D   display_settings.c:212  debug_display_settings           [   0.14971] color: 16 (rgba 5650), depth: 0, stencil: 0, acc: 0000, samples: 4/1
display  D   display_settings.c:398  _al_score_display_settings       [   0.14973] Single Buffer requirement not met.
display  D   display_settings.c:212  debug_display_settings           [   0.14975] color: 16 (rgba 5650), depth: 24, stencil: 8, acc: 0000, samples: 0/0
display  D   display_settings.c:398  _al_score_display_settings       [   0.14978] Single Buffer requirement not met.
display  D   display_settings.c:212  debug_display_settings           [   0.14980] color: 16 (rgba 5650), depth: 24, stencil: 8, acc: 0000, samples: 0/0
display  D   display_settings.c:398  _al_score_display_settings       [   0.14982] Single Buffer requirement not met.
display  D   display_settings.c:212  debug_display_settings           [   0.14984] color: 16 (rgba 5650), depth: 24, stencil: 8, acc: 0000, samples: 2/1
display  D   display_settings.c:398  _al_score_display_settings       [   0.14987] Single Buffer requirement not met.
display  D   display_settings.c:212  debug_display_settings           [   0.14989] color: 16 (rgba 5650), depth: 24, stencil: 8, acc: 0000, samples: 3/1
display  D   display_settings.c:398  _al_score_display_settings       [   0.14991] Single Buffer requirement not met.
display  D   display_settings.c:212  debug_display_settings           [   0.14993] color: 16 (rgba 5650), depth: 24, stencil: 8, acc: 0000, samples: 4/1
display  D   display_settings.c:398  _al_score_display_settings       [   0.14995] Single Buffer requirement not met.
display  D   display_settings.c:212  debug_display_settings           [   0.14997] color: 16 (rgba 5650), depth: 24, stencil: 0, acc: 0000, samples: 0/0
display  D   display_settings.c:398  _al_score_display_settings       [   0.15000] Single Buffer requirement not met.
display  D   display_settings.c:212  debug_display_settings           [   0.15002] color: 16 (rgba 5650), depth: 24, stencil: 0, acc: 0000, samples: 0/0
display  D   display_settings.c:398  _al_score_display_settings       [   0.15004] Single Buffer requirement not met.
display  D   display_settings.c:212  debug_display_settings           [   0.15007] color: 16 (rgba 5650), depth: 24, stencil: 0, acc: 0000, samples: 2/1
display  D   display_settings.c:398  _al_score_display_settings       [   0.15009] Single Buffer requirement not met.
display  D   display_settings.c:212  debug_display_settings           [   0.15011] color: 16 (rgba 5650), depth: 24, stencil: 0, acc: 0000, samples: 3/1
display  D   display_settings.c:398  _al_score_display_settings       [   0.15013] Single Buffer requirement not met.
display  D   display_settings.c:212  debug_display_settings           [   0.15015] color: 16 (rgba 5650), depth: 24, stencil: 0, acc: 0000, samples: 4/1
display  D   display_settings.c:398  _al_score_display_settings       [   0.15018] Single Buffer requirement not met.
display  D   display_settings.c:212  debug_display_settings           [   0.15020] color: 16 (rgba 5650), depth: 16, stencil: 0, acc: 0000, samples: 0/0
display  D   display_settings.c:398  _al_score_display_settings       [   0.15022] Single Buffer requirement not met.
display  D   display_settings.c:212  debug_display_settings           [   0.15024] color: 16 (rgba 5650), depth: 16, stencil: 0, acc: 0000, samples: 0/0
display  D   display_settings.c:398  _al_score_display_settings       [   0.15027] Single Buffer requirement not met.
display  D   display_settings.c:212  debug_display_settings           [   0.15029] color: 16 (rgba 5650), depth: 16, stencil: 0, acc: 0000, samples: 2/1
display  D   display_settings.c:398  _al_score_display_settings       [   0.15032] Single Buffer requirement not met.
display  D   display_settings.c:212  debug_display_settings           [   0.15036] color: 16 (rgba 5650), depth: 16, stencil: 0, acc: 0000, samples: 3/1
display  D   display_settings.c:398  _al_score_display_settings       [   0.15038] Single Buffer requirement not met.
display  D   display_settings.c:212  debug_display_settings           [   0.15040] color: 16 (rgba 5650), depth: 16, stencil: 0, acc: 0000, samples: 4/1
display  D   display_settings.c:398  _al_score_display_settings       [   0.15043] Single Buffer requirement not met.
display  D   display_settings.c:212  debug_display_settings           [   0.15045] color: 32 (rgba 8880), depth: 0, stencil: 0, acc: 0000, samples: 0/0
display  D   display_settings.c:527  _al_score_display_settings       [   0.15047] Score is : 769
display  D   display_settings.c:212  debug_display_settings           [   0.15049] color: 32 (rgba 8880), depth: 0, stencil: 0, acc: 0000, samples: 0/0
display  D   display_settings.c:527  _al_score_display_settings       [   0.15051] Score is : 769
display  D   display_settings.c:212  debug_display_settings           [   0.15054] color: 32 (rgba 8880), depth: 0, stencil: 0, acc: 0000, samples: 2/1
display  D   display_settings.c:527  _al_score_display_settings       [   0.15056] Score is : 598
display  D   display_settings.c:212  debug_display_settings           [   0.15058] color: 32 (rgba 8880), depth: 0, stencil: 0, acc: 0000, samples: 3/1
display  D   display_settings.c:527  _al_score_display_settings       [   0.15060] Score is : 593
display  D   display_settings.c:212  debug_display_settings           [   0.15062] color: 32 (rgba 8880), depth: 0, stencil: 0, acc: 0000, samples: 4/1
display  D   display_settings.c:527  _al_score_display_settings       [   0.15065] Score is : 589
display  D   display_settings.c:212  debug_display_settings           [   0.15067] color: 32 (rgba 8880), depth: 24, stencil: 8, acc: 0000, samples: 0/0
display  D   display_settings.c:527  _al_score_display_settings       [   0.15069] Score is : 769
display  D   display_settings.c:212  debug_display_settings           [   0.15071] color: 32 (rgba 8880), depth: 24, stencil: 8, acc: 0000, samples: 0/0
display  D   display_settings.c:527  _al_score_display_settings       [   0.15074] Score is : 769
display  D   display_settings.c:212  debug_display_settings           [   0.15076] color: 32 (rgba 8880), depth: 24, stencil: 8, acc: 0000, samples: 2/1
display  D   display_settings.c:527  _al_score_display_settings       [   0.15078] Score is : 598
display  D   display_settings.c:212  debug_display_settings           [   0.15080] color: 32 (rgba 8880), depth: 24, stencil: 8, acc: 0000, samples: 3/1
display  D   display_settings.c:527  _al_score_display_settings       [   0.15083] Score is : 593
display  D   display_settings.c:212  debug_display_settings           [   0.15085] color: 32 (rgba 8880), depth: 24, stencil: 8, acc: 0000, samples: 4/1
display  D   display_settings.c:527  _al_score_display_settings       [   0.15087] Score is : 589
display  D   display_settings.c:212  debug_display_settings           [   0.15089] color: 32 (rgba 8880), depth: 24, stencil: 0, acc: 0000, samples: 0/0
display  D   display_settings.c:527  _al_score_display_settings       [   0.15091] Score is : 769
display  D   display_settings.c:212  debug_display_settings           [   0.15093] color: 32 (rgba 8880), depth: 24, stencil: 0, acc: 0000, samples: 0/0
display  D   display_settings.c:527  _al_score_display_settings       [   0.15096] Score is : 769
display  D   display_settings.c:212  debug_display_settings           [   0.15098] color: 32 (rgba 8880), depth: 24, stencil: 0, acc: 0000, samples: 2/1
display  D   display_settings.c:527  _al_score_display_settings       [   0.15100] Score is : 598
display  D   display_settings.c:212  debug_display_settings           [   0.15102] color: 32 (rgba 8880), depth: 24, stencil: 0, acc: 0000, samples: 3/1
display  D   display_settings.c:527  _al_score_display_settings       [   0.15104] Score is : 593
display  D   display_settings.c:212  debug_display_settings           [   0.15107] color: 32 (rgba 8880), depth: 24, stencil: 0, acc: 0000, samples: 4/1
display  D   display_settings.c:527  _al_score_display_settings       [   0.15109] Score is : 589
display  D   display_settings.c:212  debug_display_settings           [   0.15111] color: 32 (rgba 8880), depth: 16, stencil: 0, acc: 0000, samples: 0/0
display  D   display_settings.c:527  _al_score_display_settings       [   0.15113] Score is : 769
display  D   display_settings.c:212  debug_display_settings           [   0.15115] color: 32 (rgba 8880), depth: 16, stencil: 0, acc: 0000, samples: 0/0
display  D   display_settings.c:527  _al_score_display_settings       [   0.15118] Score is : 769
display  D   display_settings.c:212  debug_display_settings           [   0.15120] color: 32 (rgba 8880), depth: 16, stencil: 0, acc: 0000, samples: 2/1
display  D   display_settings.c:527  _al_score_display_settings       [   0.15122] Score is : 598
display  D   display_settings.c:212  debug_display_settings           [   0.15124] color: 32 (rgba 8880), depth: 16, stencil: 0, acc: 0000, samples: 3/1
display  D   display_settings.c:527  _al_score_display_settings       [   0.15127] Score is : 593
display  D   display_settings.c:212  debug_display_settings           [   0.15129] color: 32 (rgba 8880), depth: 16, stencil: 0, acc: 0000, samples: 4/1
display  D   display_settings.c:527  _al_score_display_settings       [   0.15131] Score is : 589
display  D   display_settings.c:212  debug_display_settings           [   0.15133] color: 16 (rgba 5650), depth: 0, stencil: 0, acc: 0000, samples: 0/0
display  D   display_settings.c:527  _al_score_display_settings       [   0.15136] Score is : 769
display  D   display_settings.c:212  debug_display_settings           [   0.15138] color: 16 (rgba 5650), depth: 0, stencil: 0, acc: 0000, samples: 0/0
display  D   display_settings.c:527  _al_score_display_settings       [   0.15140] Score is : 769
display  D   display_settings.c:212  debug_display_settings           [   0.15142] color: 16 (rgba 5650), depth: 0, stencil: 0, acc: 0000, samples: 2/1
display  D   display_settings.c:527  _al_score_display_settings       [   0.15145] Score is : 598
display  D   display_settings.c:212  debug_display_settings           [   0.15147] color: 16 (rgba 5650), depth: 0, stencil: 0, acc: 0000, samples: 3/1
display  D   display_settings.c:527  _al_score_display_settings       [   0.15149] Score is : 593
display  D   display_settings.c:212  debug_display_settings           [   0.15151] color: 16 (rgba 5650), depth: 0, stencil: 0, acc: 0000, samples: 4/1
display  D   display_settings.c:527  _al_score_display_settings       [   0.15153] Score is : 589
display  D   display_settings.c:212  debug_display_settings           [   0.15156] color: 16 (rgba 5650), depth: 24, stencil: 8, acc: 0000, samples: 0/0
display  D   display_settings.c:527  _al_score_display_settings       [   0.15158] Score is : 769
display  D   display_settings.c:212  debug_display_settings           [   0.15160] color: 16 (rgba 5650), depth: 24, stencil: 8, acc: 0000, samples: 0/0
display  D   display_settings.c:527  _al_score_display_settings       [   0.15162] Score is : 769
display  D   display_settings.c:212  debug_display_settings           [   0.15164] color: 16 (rgba 5650), depth: 24, stencil: 8, acc: 0000, samples: 2/1
display  D   display_settings.c:527  _al_score_display_settings       [   0.15167] Score is : 598
display  D   display_settings.c:212  debug_display_settings           [   0.15169] color: 16 (rgba 5650), depth: 24, stencil: 8, acc: 0000, samples: 3/1
display  D   display_settings.c:527  _al_score_display_settings       [   0.15171] Score is : 593
display  D   display_settings.c:212  debug_display_settings           [   0.15173] color: 16 (rgba 5650), depth: 24, stencil: 8, acc: 0000, samples: 4/1
display  D   display_settings.c:527  _al_score_display_settings       [   0.15175] Score is : 589
display  D   display_settings.c:212  debug_display_settings           [   0.15177] color: 16 (rgba 5650), depth: 24, stencil: 0, acc: 0000, samples: 0/0
display  D   display_settings.c:527  _al_score_display_settings       [   0.15180] Score is : 769
display  D   display_settings.c:212  debug_display_settings           [   0.15182] color: 16 (rgba 5650), depth: 24, stencil: 0, acc: 0000, samples: 0/0
display  D   display_settings.c:527  _al_score_display_settings       [   0.15185] Score is : 769
display  D   display_settings.c:212  debug_display_settings           [   0.15187] color: 16 (rgba 5650), depth: 24, stencil: 0, acc: 0000, samples: 2/1
display  D   display_settings.c:527  _al_score_display_settings       [   0.15190] Score is : 598
display  D   display_settings.c:212  debug_display_settings           [   0.15192] color: 16 (rgba 5650), depth: 24, stencil: 0, acc: 0000, samples: 3/1
display  D   display_settings.c:527  _al_score_display_settings       [   0.15194] Score is : 593
display  D   display_settings.c:212  debug_display_settings           [   0.15196] color: 16 (rgba 5650), depth: 24, stencil: 0, acc: 0000, samples: 4/1
display  D   display_settings.c:527  _al_score_display_settings       [   0.15198] Score is : 589
display  D   display_settings.c:212  debug_display_settings           [   0.15200] color: 16 (rgba 5650), depth: 16, stencil: 0, acc: 0000, samples: 0/0
display  D   display_settings.c:527  _al_score_display_settings       [   0.15202] Score is : 769
display  D   display_settings.c:212  debug_display_settings           [   0.15204] color: 16 (rgba 5650), depth: 16, stencil: 0, acc: 0000, samples: 0/0
display  D   display_settings.c:527  _al_score_display_settings       [   0.15207] Score is : 769
display  D   display_settings.c:212  debug_display_settings           [   0.15209] color: 16 (rgba 5650), depth: 16, stencil: 0, acc: 0000, samples: 2/1
display  D   display_settings.c:527  _al_score_display_settings       [   0.15211] Score is : 598
display  D   display_settings.c:212  debug_display_settings           [   0.15213] color: 16 (rgba 5650), depth: 16, stencil: 0, acc: 0000, samples: 3/1
display  D   display_settings.c:527  _al_score_display_settings       [   0.15218] Score is : 593
display  D   display_settings.c:212  debug_display_settings           [   0.15221] color: 16 (rgba 5650), depth: 16, stencil: 0, acc: 0000, samples: 4/1
display  D   display_settings.c:527  _al_score_display_settings       [   0.15223] Score is : 589
display  D   display_settings.c:212  debug_display_settings           [   0.15225] color: 32 (rgba 8880), depth: 0, stencil: 0, acc: 0000, samples: 0/0
display  D   display_settings.c:398  _al_score_display_settings       [   0.15227] Single Buffer requirement not met.
display  D   display_settings.c:212  debug_display_settings           [   0.15230] color: 32 (rgba 8880), depth: 0, stencil: 0, acc: 0000, samples: 0/0
display  D   display_settings.c:398  _al_score_display_settings       [   0.15232] Single Buffer requirement not met.
display  D   display_settings.c:212  debug_display_settings           [   0.15234] color: 32 (rgba 8880), depth: 0, stencil: 0, acc: 0000, samples: 2/1
display  D   display_settings.c:398  _al_score_display_settings       [   0.15236] Single Buffer requirement not met.
display  D   display_settings.c:212  debug_display_settings           [   0.15238] color: 32 (rgba 8880), depth: 0, stencil: 0, acc: 0000, samples: 3/1
display  D   display_settings.c:398  _al_score_display_settings       [   0.15240] Single Buffer requirement not met.
display  D   display_settings.c:212  debug_display_settings           [   0.15242] color: 32 (rgba 8880), depth: 0, stencil: 0, acc: 0000, samples: 4/1
display  D   display_settings.c:398  _al_score_display_settings       [   0.15245] Single Buffer requirement not met.
display  D   display_settings.c:212  debug_display_settings           [   0.15247] color: 32 (rgba 8880), depth: 24, stencil: 8, acc: 0000, samples: 0/0
display  D   display_settings.c:398  _al_score_display_settings       [   0.15249] Single Buffer requirement not met.
display  D   display_settings.c:212  debug_display_settings           [   0.15251] color: 32 (rgba 8880), depth: 24, stencil: 8, acc: 0000, samples: 0/0
display  D   display_settings.c:398  _al_score_display_settings       [   0.15253] Single Buffer requirement not met.
display  D   display_settings.c:212  debug_display_settings           [   0.15255] color: 32 (rgba 8880), depth: 24, stencil: 8, acc: 0000, samples: 2/1
display  D   display_settings.c:398  _al_score_display_settings       [   0.15257] Single Buffer requirement not met.
display  D   display_settings.c:212  debug_display_settings           [   0.15259] color: 32 (rgba 8880), depth: 24, stencil: 8, acc: 0000, samples: 3/1
display  D   display_settings.c:398  _al_score_display_settings       [   0.15261] Single Buffer requirement not met.
display  D   display_settings.c:212  debug_display_settings           [   0.15264] color: 32 (rgba 8880), depth: 24, stencil: 8, acc: 0000, samples: 4/1
display  D   display_settings.c:398  _al_score_display_settings       [   0.15266] Single Buffer requirement not met.
display  D   display_settings.c:212  debug_display_settings           [   0.15268] color: 32 (rgba 8880), depth: 24, stencil: 0, acc: 0000, samples: 0/0
display  D   display_settings.c:398  _al_score_display_settings       [   0.15270] Single Buffer requirement not met.
display  D   display_settings.c:212  debug_display_settings           [   0.15272] color: 32 (rgba 8880), depth: 24, stencil: 0, acc: 0000, samples: 0/0
display  D   display_settings.c:398  _al_score_display_settings       [   0.15274] Single Buffer requirement not met.
display  D   display_settings.c:212  debug_display_settings           [   0.15276] color: 32 (rgba 8880), depth: 24, stencil: 0, acc: 0000, samples: 2/1
display  D   display_settings.c:398  _al_score_display_settings       [   0.15278] Single Buffer requirement not met.
display  D   display_settings.c:212  debug_display_settings           [   0.15280] color: 32 (rgba 8880), depth: 24, stencil: 0, acc: 0000, samples: 3/1
display  D   display_settings.c:398  _al_score_display_settings       [   0.15285] Single Buffer requirement not met.
display  D   display_settings.c:212  debug_display_settings           [   0.15287] color: 32 (rgba 8880), depth: 24, stencil: 0, acc: 0000, samples: 4/1
display  D   display_settings.c:398  _al_score_display_settings       [   0.15289] Single Buffer requirement not met.
display  D   display_settings.c:212  debug_display_settings           [   0.15292] color: 32 (rgba 8880), depth: 16, stencil: 0, acc: 0000, samples: 0/0
display  D   display_settings.c:398  _al_score_display_settings       [   0.15294] Single Buffer requirement not met.
display  D   display_settings.c:212  debug_display_settings           [   0.15296] color: 32 (rgba 8880), depth: 16, stencil: 0, acc: 0000, samples: 0/0
display  D   display_settings.c:398  _al_score_display_settings       [   0.15298] Single Buffer requirement not met.
display  D   display_settings.c:212  debug_display_settings           [   0.15300] color: 32 (rgba 8880), depth: 16, stencil: 0, acc: 0000, samples: 2/1
display  D   display_settings.c:398  _al_score_display_settings       [   0.15302] Single Buffer requirement not met.
display  D   display_settings.c:212  debug_display_settings           [   0.15304] color: 32 (rgba 8880), depth: 16, stencil: 0, acc: 0000, samples: 3/1
display  D   display_settings.c:398  _al_score_display_settings       [   0.15306] Single Buffer requirement not met.
display  D   display_settings.c:212  debug_display_settings           [   0.15309] color: 32 (rgba 8880), depth: 16, stencil: 0, acc: 0000, samples: 4/1
display  D   display_settings.c:398  _al_score_display_settings       [   0.15311] Single Buffer requirement not met.
display  D   display_settings.c:212  debug_display_settings           [   0.15313] color: 16 (rgba 5650), depth: 0, stencil: 0, acc: 0000, samples: 0/0
display  D   display_settings.c:398  _al_score_display_settings       [   0.15315] Single Buffer requirement not met.
display  D   display_settings.c:212  debug_display_settings           [   0.15317] color: 16 (rgba 5650), depth: 0, stencil: 0, acc: 0000, samples: 0/0
display  D   display_settings.c:398  _al_score_display_settings       [   0.15319] Single Buffer requirement not met.
display  D   display_settings.c:212  debug_display_settings           [   0.15321] color: 16 (rgba 5650), depth: 0, stencil: 0, acc: 0000, samples: 2/1
display  D   display_settings.c:398  _al_score_display_settings       [   0.15324] Single Buffer requirement not met.
display  D   display_settings.c:212  debug_display_settings           [   0.15326] color: 16 (rgba 5650), depth: 0, stencil: 0, acc: 0000, samples: 3/1
display  D   display_settings.c:398  _al_score_display_settings       [   0.15328] Single Buffer requirement not met.
display  D   display_settings.c:212  debug_display_settings           [   0.15330] color: 16 (rgba 5650), depth: 0, stencil: 0, acc: 0000, samples: 4/1
display  D   display_settings.c:398  _al_score_display_settings       [   0.15332] Single Buffer requirement not met.
display  D   display_settings.c:212  debug_display_settings           [   0.15334] color: 16 (rgba 5650), depth: 24, stencil: 8, acc: 0000, samples: 0/0
display  D   display_settings.c:398  _al_score_display_settings       [   0.15336] Single Buffer requirement not met.
display  D   display_settings.c:212  debug_display_settings           [   0.15338] color: 16 (rgba 5650), depth: 24, stencil: 8, acc: 0000, samples: 0/0
display  D   display_settings.c:398  _al_score_display_settings       [   0.15341] Single Buffer requirement not met.
display  D   display_settings.c:212  debug_display_settings           [   0.15343] color: 16 (rgba 5650), depth: 24, stencil: 8, acc: 0000, samples: 2/1
display  D   display_settings.c:398  _al_score_display_settings       [   0.15345] Single Buffer requirement not met.
display  D   display_settings.c:212  debug_display_settings           [   0.15347] color: 16 (rgba 5650), depth: 24, stencil: 8, acc: 0000, samples: 3/1
display  D   display_settings.c:398  _al_score_display_settings       [   0.15351] Single Buffer requirement not met.
display  D   display_settings.c:212  debug_display_settings           [   0.15354] color: 16 (rgba 5650), depth: 24, stencil: 8, acc: 0000, samples: 4/1
display  D   display_settings.c:398  _al_score_display_settings       [   0.15356] Single Buffer requirement not met.
display  D   display_settings.c:212  debug_display_settings           [   0.15358] color: 16 (rgba 5650), depth: 24, stencil: 0, acc: 0000, samples: 0/0
display  D   display_settings.c:398  _al_score_display_settings       [   0.15360] Single Buffer requirement not met.
display  D   display_settings.c:212  debug_display_settings           [   0.15363] color: 16 (rgba 5650), depth: 24, stencil: 0, acc: 0000, samples: 0/0
display  D   display_settings.c:398  _al_score_display_settings       [   0.15365] Single Buffer requirement not met.
display  D   display_settings.c:212  debug_display_settings           [   0.15367] color: 16 (rgba 5650), depth: 24, stencil: 0, acc: 0000, samples: 2/1
display  D   display_settings.c:398  _al_score_display_settings       [   0.15369] Single Buffer requirement not met.
display  D   display_settings.c:212  debug_display_settings           [   0.15371] color: 16 (rgba 5650), depth: 24, stencil: 0, acc: 0000, samples: 3/1
display  D   display_settings.c:398  _al_score_display_settings       [   0.15373] Single Buffer requirement not met.
display  D   display_settings.c:212  debug_display_settings           [   0.15375] color: 16 (rgba 5650), depth: 24, stencil: 0, acc: 0000, samples: 4/1
display  D   display_settings.c:398  _al_score_display_settings       [   0.15377] Single Buffer requirement not met.
display  D   display_settings.c:212  debug_display_settings           [   0.15379] color: 16 (rgba 5650), depth: 16, stencil: 0, acc: 0000, samples: 0/0
display  D   display_settings.c:398  _al_score_display_settings       [   0.15382] Single Buffer requirement not met.
display  D   display_settings.c:212  debug_display_settings           [   0.15384] color: 16 (rgba 5650), depth: 16, stencil: 0, acc: 0000, samples: 0/0
display  D   display_settings.c:398  _al_score_display_settings       [   0.15386] Single Buffer requirement not met.
display  D   display_settings.c:212  debug_display_settings           [   0.15388] color: 16 (rgba 5650), depth: 16, stencil: 0, acc: 0000, samples: 2/1
display  D   display_settings.c:398  _al_score_display_settings       [   0.15390] Single Buffer requirement not met.
display  D   display_settings.c:212  debug_display_settings           [   0.15392] color: 16 (rgba 5650), depth: 16, stencil: 0, acc: 0000, samples: 3/1
display  D   display_settings.c:398  _al_score_display_settings       [   0.15394] Single Buffer requirement not met.
display  D   display_settings.c:212  debug_display_settings           [   0.15397] color: 16 (rgba 5650), depth: 16, stencil: 0, acc: 0000, samples: 4/1
display  D   display_settings.c:398  _al_score_display_settings       [   0.15399] Single Buffer requirement not met.
d3d      D         d3d_disp.cpp:1682 d3d_create_display_internals     [   0.15403] Trying format 0.
d3d      I         d3d_disp.cpp:1358 d3d_display_thread_proc          [   0.15434] Chose a display format: 23
d3d      I         d3d_disp.cpp:1427 d3d_display_thread_proc          [   0.15441] Normal window.
d3d      I         d3d_disp.cpp:791  d3d_create_device                [   0.18047] Using no depth stencil buffer
d3d      D         d3d_disp.cpp:853  d3d_create_device                [   0.30415] BeginScene succeeded in create_device
d3d      D         d3d_disp.cpp:861  d3d_create_device                [   0.30421] Success
d3d      D         d3d_disp.cpp:1705 d3d_create_display_internals     [   0.30429] Resumed after wait.
d3d      I         d3d_disp.cpp:1738 d3d_create_display_internals     [   0.30435] Format 0 succeeded.
d3d      D         d3d_disp.cpp:1769 d3d_create_display_internals     [   0.30439] Returning d3d_display: 00000000001baed0
d3d      D         d3d_disp.cpp:1794 d3d_create_display_locked        [   0.30442] al_display=00000000001baed0
d3d      D         d3d_disp.cpp:1795 d3d_create_display_locked        [   0.30445] al_display->vt=00000000001b88d0
system   D            wsystem.c:874  _al_win_safe_load_library        [   0.30472] PathFindOnPath found: C:\WINDOWS\system32\d3dx9_43.dll
system   D            wsystem.c:780  load_library_at_path             [   0.30475] Calling LoadLibrary C:\WINDOWS\system32\d3dx9_43.dll
system   I            wsystem.c:783  load_library_at_path             [   0.30522] Loaded C:\WINDOWS\system32\d3dx9_43.dll
d3dx9    I        d3d_d3dx9.cpp:88   _imp_load_d3dx9_module_version   [   0.30526] Module "d3dx9_43.dll" loaded.
dtor     D               dtor.c:196  _al_register_destructor          [   0.30532] added dtor for queue 00000000025b7870, func 00007ffb3206c5dc
dtor     D               dtor.c:196  _al_register_destructor          [   0.30696] added dtor for timer 00000000025b8b50, func 00007ffb3207fb3b
stdio    D         file_stdio.c:110  file_stdio_fopen                 [   0.30704] opening ./image/character01/char01_move1.png rb
stdio    D         file_stdio.c:110  file_stdio_fopen                 [   0.30733] opening ./image/character01/char01_move1.png rb
d3d      D         d3d_disp.cpp:1202 real_choose_bitmap_format        [   0.30749] Fake format
d3d      D         d3d_disp.cpp:1202 real_choose_bitmap_format        [   0.30752] Fake format
d3d      D         d3d_disp.cpp:1202 real_choose_bitmap_format        [   0.30756] Fake format
d3d      D         d3d_disp.cpp:1202 real_choose_bitmap_format        [   0.30760] Fake format
d3d      D         d3d_disp.cpp:1202 real_choose_bitmap_format        [   0.30763] Fake format
d3d      D         d3d_disp.cpp:1202 real_choose_bitmap_format        [   0.30768] Fake format
d3d      D         d3d_disp.cpp:1202 real_choose_bitmap_format        [   0.30773] Fake format
d3d      D         d3d_disp.cpp:1202 real_choose_bitmap_format        [   0.30776] Fake format
d3d      D         d3d_disp.cpp:1202 real_choose_bitmap_format        [   0.30781] Fake format
d3d      D         d3d_disp.cpp:1210 real_choose_bitmap_format        [   0.30787] Alpha doesn't match
d3d      D         d3d_disp.cpp:1217 real_choose_bitmap_format        [   0.30791] Adapter format is 23
d3d      D         d3d_disp.cpp:1220 real_choose_bitmap_format        [   0.30799] Found a format
d3d      I         d3d_disp.cpp:2391 d3d_create_bitmap                [   0.30807] Chose bitmap format 9
dtor     D               dtor.c:196  _al_register_destructor          [   0.30913] added dtor for bitmap 00000000025bc1d0, func 00007ffb32041bea
d3d      D         d3d_disp.cpp:1202 real_choose_bitmap_format        [   0.31024] Fake format
d3d      D         d3d_disp.cpp:1202 real_choose_bitmap_format        [   0.31032] Fake format
d3d      D         d3d_disp.cpp:1202 real_choose_bitmap_format        [   0.31036] Fake format
d3d      D         d3d_disp.cpp:1202 real_choose_bitmap_format        [   0.31040] Fake format
d3d      D         d3d_disp.cpp:1202 real_choose_bitmap_format        [   0.31044] Fake format
d3d      D         d3d_disp.cpp:1202 real_choose_bitmap_format        [   0.31046] Fake format
d3d      D         d3d_disp.cpp:1202 real_choose_bitmap_format        [   0.31053] Fake format
d3d      D         d3d_disp.cpp:1202 real_choose_bitmap_format        [   0.31055] Fake format
d3d      D         d3d_disp.cpp:1202 real_choose_bitmap_format        [   0.31057] Fake format
d3d      D         d3d_disp.cpp:1210 real_choose_bitmap_format        [   0.31063] Alpha doesn't match
d3d      D         d3d_disp.cpp:1217 real_choose_bitmap_format        [   0.31065] Adapter format is 23
d3d      D         d3d_disp.cpp:1220 real_choose_bitmap_format        [   0.31069] Found a format
d3d      I         d3d_disp.cpp:2391 d3d_create_bitmap                [   0.31072] Chose bitmap format 9
dtor     D               dtor.c:196  _al_register_destructor          [   0.31122] added dtor for bitmap 00000000025b8c00, func 00007ffb32041bea
d3d      D          d3d_bmp.cpp:539  _al_d3d_sync_bitmap              [   0.31631] _al_d3d_sync_bitmap (system) ref count == 1
d3d      D          d3d_bmp.cpp:545  _al_d3d_sync_bitmap              [   0.31640] _al_d3d_sync_bitmap (video) ref count == 1
dtor     D               dtor.c:227  _al_unregister_destructor        [   0.32207] removed dtor for bitmap 00000000025b8c00
d3d      D         d3d_disp.cpp:1202 real_choose_bitmap_format        [   0.32485] Fake format
d3d      D         d3d_disp.cpp:1202 real_choose_bitmap_format        [   0.32492] Fake format
d3d      D         d3d_disp.cpp:1202 real_choose_bitmap_format        [   0.32499] Fake format
d3d      D         d3d_disp.cpp:1202 real_choose_bitmap_format        [   0.32501] Fake format
d3d      D         d3d_disp.cpp:1202 real_choose_bitmap_format        [   0.32503] Fake format
d3d      D         d3d_disp.cpp:1202 real_choose_bitmap_format        [   0.32508] Fake format
d3d      D         d3d_disp.cpp:1202 real_choose_bitmap_format        [   0.32512] Fake format
d3d      D         d3d_disp.cpp:1202 real_choose_bitmap_format        [   0.32516] Fake format
d3d      D         d3d_disp.cpp:1202 real_choose_bitmap_format        [   0.32524] Fake format
d3d      D         d3d_disp.cpp:1210 real_choose_bitmap_format        [   0.32529] Alpha doesn't match
d3d      D         d3d_disp.cpp:1217 real_choose_bitmap_format        [   0.32535] Adapter format is 23
d3d      D         d3d_disp.cpp:1220 real_choose_bitmap_format        [   0.32540] Found a format
d3d      I         d3d_disp.cpp:2391 d3d_create_bitmap                [   0.32545] Chose bitmap format 9
dtor     D               dtor.c:196  _al_register_destructor          [   0.32651] added dtor for bitmap 00000000025b9aa0, func 00007ffb32041bea
d3d      D          d3d_bmp.cpp:539  _al_d3d_sync_bitmap              [   0.34233] _al_d3d_sync_bitmap (system) ref count == 1
d3d      D          d3d_bmp.cpp:545  _al_d3d_sync_bitmap              [   0.34244] _al_d3d_sync_bitmap (video) ref count == 1
dtor     D               dtor.c:227  _al_unregister_destructor        [   0.34962] removed dtor for bitmap 00000000025b9aa0
audio-dsound D           dsound.cpp:311  _dsound_allocate_voice           [   0.35101] Allocating voice
audio-dsound D           dsound.cpp:370  _dsound_allocate_voice           [   0.35109] Allocated voice
dtor     D               dtor.c:196  _al_register_destructor          [   0.35112] added dtor for voice 00000000025b2f70, func 00007ffb32175024
dtor     D               dtor.c:196  _al_register_destructor          [   0.35119] added dtor for mixer 00000000025b9aa0, func 00007ffb321704dc
audio-dsound D           dsound.cpp:466  _dsound_start_voice              [   0.35123] Starting voice
audio-dsound D           dsound.cpp:494  _dsound_start_voice              [   0.35125] CreateSoundBuffer
audio-dsound D           dsound.cpp:502  _dsound_start_voice              [   0.35330] CreateSoundBuffer succeeded
audio-dsound D           dsound.cpp:508  _dsound_start_voice              [   0.35336] Starting _dsound_update thread
audio-dsound I           dsound.cpp:518  _dsound_start_voice              [   0.35348] Voice started
dtor     D               dtor.c:196  _al_register_destructor          [   0.35354] added dtor for sample_instance 00000000025b8ee0, func 00007ffb3216929b
audio    D          kcm_mixer.c:121  _al_rechannel_matrix             [   0.35357] sample matrix:
audio    D          kcm_mixer.c:127  _al_rechannel_matrix             [   0.35361] 
audio    D          kcm_mixer.c:127  _al_rechannel_matrix             [   0.35363] 
dtor     D               dtor.c:196  _al_register_destructor          [   0.35368] added dtor for sample_instance 00000000025b9000, func 00007ffb3216929b
audio    D          kcm_mixer.c:121  _al_rechannel_matrix             [   0.35373] sample matrix:
audio    D          kcm_mixer.c:127  _al_rechannel_matrix             [   0.35379] 
audio    D          kcm_mixer.c:127  _al_rechannel_matrix             [   0.35382] 
dtor     D               dtor.c:196  _al_register_destructor          [   0.35385] added dtor for sample_instance 00000000025b8c50, func 00007ffb3216929b
audio    D          kcm_mixer.c:121  _al_rechannel_matrix             [   0.35391] sample matrix:
audio    D          kcm_mixer.c:127  _al_rechannel_matrix             [   0.35395] 
audio    D          kcm_mixer.c:127  _al_rechannel_matrix             [   0.35397] 
dtor     D               dtor.c:196  _al_register_destructor          [   0.35399] added dtor for sample_instance 00000000025b8d70, func 00007ffb3216929b
audio    D          kcm_mixer.c:121  _al_rechannel_matrix             [   0.35401] sample matrix:
audio    D          kcm_mixer.c:127  _al_rechannel_matrix             [   0.35406] 
audio    D          kcm_mixer.c:127  _al_rechannel_matrix             [   0.35409] 
dtor     D               dtor.c:196  _al_register_destructor          [   0.35411] added dtor for sample_instance 00000000025b9490, func 00007ffb3216929b
audio    D          kcm_mixer.c:121  _al_rechannel_matrix             [   0.35416] sample matrix:
audio    D          kcm_mixer.c:127  _al_rechannel_matrix             [   0.35420] 
audio    D          kcm_mixer.c:127  _al_rechannel_matrix             [   0.35422] 
dtor     D               dtor.c:196  _al_register_destructor          [   0.35424] added dtor for sample_instance 00000000025b95b0, func 00007ffb3216929b
audio    D          kcm_mixer.c:121  _al_rechannel_matrix             [   0.35427] sample matrix:
audio    D          kcm_mixer.c:127  _al_rechannel_matrix             [   0.35432] 
audio    D          kcm_mixer.c:127  _al_rechannel_matrix             [   0.35435] 
dtor     D               dtor.c:196  _al_register_destructor          [   0.35437] added dtor for sample_instance 00000000025ba740, func 00007ffb3216929b
audio    D          kcm_mixer.c:121  _al_rechannel_matrix             [   0.35442] sample matrix:
audio    D          kcm_mixer.c:127  _al_rechannel_matrix             [   0.35446] 
audio    D          kcm_mixer.c:127  _al_rechannel_matrix             [   0.35448] 
dtor     D               dtor.c:196  _al_register_destructor          [   0.35450] added dtor for sample_instance 00000000025ba860, func 00007ffb3216929b
audio    D          kcm_mixer.c:121  _al_rechannel_matrix             [   0.35452] sample matrix:
audio    D          kcm_mixer.c:127  _al_rechannel_matrix             [   0.35458] 
audio    D          kcm_mixer.c:127  _al_rechannel_matrix             [   0.35460] 
dtor     D               dtor.c:196  _al_register_destructor          [   0.35462] added dtor for sample_instance 00000000025baa90, func 00007ffb3216929b
audio    D          kcm_mixer.c:121  _al_rechannel_matrix             [   0.35465] sample matrix:
audio    D          kcm_mixer.c:127  _al_rechannel_matrix             [   0.35467] 
audio    D          kcm_mixer.c:127  _al_rechannel_matrix             [   0.35469] 
dtor     D               dtor.c:196  _al_register_destructor          [   0.35471] added dtor for sample_instance 00000000025babb0, func 00007ffb3216929b
audio    D          kcm_mixer.c:121  _al_rechannel_matrix             [   0.35473] sample matrix:
audio    D          kcm_mixer.c:127  _al_rechannel_matrix             [   0.35475] 
audio    D          kcm_mixer.c:127  _al_rechannel_matrix             [   0.35477] 
dtor     D               dtor.c:196  _al_register_destructor          [   0.35480] added dtor for sample_instance 00000000025bacd0, func 00007ffb3216929b
audio    D          kcm_mixer.c:121  _al_rechannel_matrix             [   0.35490] sample matrix:
audio    D          kcm_mixer.c:127  _al_rechannel_matrix             [   0.35494] 
audio    D          kcm_mixer.c:127  _al_rechannel_matrix             [   0.35496] 
dtor     D               dtor.c:196  _al_register_destructor          [   0.35499] added dtor for sample_instance 00000000025bb1a0, func 00007ffb3216929b
audio    D          kcm_mixer.c:121  _al_rechannel_matrix             [   0.35505] sample matrix:
audio    D          kcm_mixer.c:127  _al_rechannel_matrix             [   0.35508] 
audio    D          kcm_mixer.c:127  _al_rechannel_matrix             [   0.35510] 
dtor     D               dtor.c:196  _al_register_destructor          [   0.35514] added dtor for sample_instance 00000000025bb980, func 00007ffb3216929b
audio    D          kcm_mixer.c:121  _al_rechannel_matrix             [   0.35518] sample matrix:
audio    D          kcm_mixer.c:127  _al_rechannel_matrix             [   0.35520] 
audio    D          kcm_mixer.c:127  _al_rechannel_matrix             [   0.35524] 
dtor     D               dtor.c:196  _al_register_destructor          [   0.35528] added dtor for sample_instance 00000000025bb3e0, func 00007ffb3216929b
audio    D          kcm_mixer.c:121  _al_rechannel_matrix             [   0.35530] sample matrix:
audio    D          kcm_mixer.c:127  _al_rechannel_matrix             [   0.35532] 
audio    D          kcm_mixer.c:127  _al_rechannel_matrix             [   0.35534] 
dtor     D               dtor.c:196  _al_register_destructor          [   0.35538] added dtor for sample_instance 00000000025bb860, func 00007ffb3216929b
audio    D          kcm_mixer.c:121  _al_rechannel_matrix             [   0.35541] sample matrix:
audio    D          kcm_mixer.c:127  _al_rechannel_matrix             [   0.35543] 
audio    D          kcm_mixer.c:127  _al_rechannel_matrix             [   0.35548] 
dtor     D               dtor.c:196  _al_register_destructor          [   0.35551] added dtor for sample_instance 00000000025baf60, func 00007ffb3216929b
audio    D          kcm_mixer.c:121  _al_rechannel_matrix             [   0.35554] sample matrix:
audio    D          kcm_mixer.c:127  _al_rechannel_matrix             [   0.35556] 
audio    D          kcm_mixer.c:127  _al_rechannel_matrix             [   0.35559] 
dtor     D               dtor.c:196  _al_register_destructor          [   0.35562] added dtor for sample_instance 00000000025bb2c0, func 00007ffb3216929b
audio    D          kcm_mixer.c:121  _al_rechannel_matrix             [   0.35568] sample matrix:
audio    D          kcm_mixer.c:127  _al_rechannel_matrix             [   0.35570] 
audio    D          kcm_mixer.c:127  _al_rechannel_matrix             [   0.35576] 
dtor     D               dtor.c:196  _al_register_destructor          [   0.35579] added dtor for sample_instance 00000000025bbaa0, func 00007ffb3216929b
audio    D          kcm_mixer.c:121  _al_rechannel_matrix             [   0.35583] sample matrix:
audio    D          kcm_mixer.c:127  _al_rechannel_matrix             [   0.35587] 
audio    D          kcm_mixer.c:127  _al_rechannel_matrix             [   0.35589] 
dtor     D               dtor.c:196  _al_register_destructor          [   0.35591] added dtor for sample_instance 00000000025bb500, func 00007ffb3216929b
audio    D          kcm_mixer.c:121  _al_rechannel_matrix             [   0.35593] sample matrix:
audio    D          kcm_mixer.c:127  _al_rechannel_matrix             [   0.35595] 
audio    D          kcm_mixer.c:127  _al_rechannel_matrix             [   0.35597] 
dtor     D               dtor.c:196  _al_register_destructor          [   0.35599] added dtor for sample_instance 00000000025bb620, func 00007ffb3216929b
audio    D          kcm_mixer.c:121  _al_rechannel_matrix             [   0.35602] sample matrix:
audio    D          kcm_mixer.c:127  _al_rechannel_matrix             [   0.35604] 
audio    D          kcm_mixer.c:127  _al_rechannel_matrix             [   0.35606] 
font     W               font.c:368  al_init_font_addon               [   0.35617] Font addon already initialised.
font     W                ttf.c:1108 al_init_ttf_addon                [   0.35621] TTF addon already initialised.
stdio    D         file_stdio.c:110  file_stdio_fopen                 [   0.35629] opening ./image/scene/menu.png rb
stdio    D         file_stdio.c:110  file_stdio_fopen                 [   0.35648] opening ./image/scene/menu.png rb
d3d      D         d3d_disp.cpp:1202 real_choose_bitmap_format        [   0.35664] Fake format
d3d      D         d3d_disp.cpp:1202 real_choose_bitmap_format        [   0.35668] Fake format
d3d      D         d3d_disp.cpp:1202 real_choose_bitmap_format        [   0.35671] Fake format
d3d      D         d3d_disp.cpp:1202 real_choose_bitmap_format        [   0.35673] Fake format
d3d      D         d3d_disp.cpp:1202 real_choose_bitmap_format        [   0.35675] Fake format
d3d      D         d3d_disp.cpp:1202 real_choose_bitmap_format        [   0.35677] Fake format
d3d      D         d3d_disp.cpp:1202 real_choose_bitmap_format        [   0.35679] Fake format
d3d      D         d3d_disp.cpp:1202 real_choose_bitmap_format        [   0.35681] Fake format
d3d      D         d3d_disp.cpp:1202 real_choose_bitmap_format        [   0.35683] Fake format
d3d      D         d3d_disp.cpp:1210 real_choose_bitmap_format        [   0.35685] Alpha doesn't match
d3d      D         d3d_disp.cpp:1217 real_choose_bitmap_format        [   0.35690] Adapter format is 23
d3d      D         d3d_disp.cpp:1220 real_choose_bitmap_format        [   0.35697] Found a format
d3d      I         d3d_disp.cpp:2391 d3d_create_bitmap                [   0.35701] Chose bitmap format 9
dtor     D               dtor.c:196  _al_register_destructor          [   0.35784] added dtor for bitmap 00000000025cf4c0, func 00007ffb32041bea
stdio    D         file_stdio.c:110  file_stdio_fopen                 [   0.43049] opening ./font/MushroomKidsDemoRegular.ttf rb
font     D                ttf.c:943  al_load_ttf_font_stretch_f       [   0.43092] Font ./font/MushroomKidsDemoRegular.ttf loaded with pixel size 0 x 30.
font     D                ttf.c:945  al_load_ttf_font_stretch_f       [   0.43095]     ascent=21.0, descent=-7.0, height=28.0
dtor     D               dtor.c:196  _al_register_destructor          [   0.43101] added dtor for ttf_font 00000000025d3490, func 00007ffb32164c05
stdio    D         file_stdio.c:110  file_stdio_fopen                 [   0.43105] opening ./font/MushroomKidsDemoRegular.ttf rb
font     D                ttf.c:943  al_load_ttf_font_stretch_f       [   0.43122] Font ./font/MushroomKidsDemoRegular.ttf loaded with pixel size 0 x 30.
font     D                ttf.c:945  al_load_ttf_font_stretch_f       [   0.43125]     ascent=21.0, descent=-7.0, height=28.0
dtor     D               dtor.c:196  _al_register_destructor          [   0.43127] added dtor for ttf_font 00000000025d33d0, func 00007ffb32164c05
stdio    D         file_stdio.c:110  file_stdio_fopen                 [   0.43134] opening ./font/MushroomKidsDemoRegular.ttf rb
font     D                ttf.c:943  al_load_ttf_font_stretch_f       [   0.43151] Font ./font/MushroomKidsDemoRegular.ttf loaded with pixel size 0 x 30.
font     D                ttf.c:945  al_load_ttf_font_stretch_f       [   0.43154]     ascent=21.0, descent=-7.0, height=28.0
dtor     D               dtor.c:196  _al_register_destructor          [   0.43156] added dtor for ttf_font 00000000025d3190, func 00007ffb32164c05
stdio    D         file_stdio.c:110  file_stdio_fopen                 [   0.43162] opening ./sound/menu_music.wav rb
wav      I                wav.c:124  wav_open                         [   0.43180] Ignoring chunk: LIST
wav      E                wav.c:121  wav_open                         [   0.43185] Bad RIFF type.
dtor     D               dtor.c:196  _al_register_destructor          [   0.43191] added dtor for sample 00000000025d30d0, func 00007ffb32171a1d
dtor     D               dtor.c:196  _al_register_destructor          [   0.43405] added dtor for sample_instance 00000000025bbbc0, func 00007ffb3216929b
audio-dsound D           dsound.cpp:528  _dsound_stop_voice               [   0.43409] Stopping voice
audio-dsound D           dsound.cpp:545  _dsound_stop_voice               [   0.43411] Joining thread
audio-dsound D           dsound.cpp:551  _dsound_stop_voice               [   0.43844] Joined thread
audio-dsound D           dsound.cpp:553  _dsound_stop_voice               [   0.43855] Destroying thread
audio-dsound D           dsound.cpp:555  _dsound_stop_voice               [   0.43858] Thread destroyed
audio-dsound D           dsound.cpp:562  _dsound_stop_voice               [   0.43864] Releasing buffer
audio-dsound I           dsound.cpp:566  _dsound_stop_voice               [   0.43871] Voice stopped
audio-dsound D           dsound.cpp:466  _dsound_start_voice              [   0.43875] Starting voice
audio-dsound D           dsound.cpp:494  _dsound_start_voice              [   0.43880] CreateSoundBuffer
audio-dsound D           dsound.cpp:502  _dsound_start_voice              [   0.43896] CreateSoundBuffer succeeded
audio-dsound D           dsound.cpp:508  _dsound_start_voice              [   0.43903] Starting _dsound_update thread
audio-dsound I           dsound.cpp:518  _dsound_start_voice              [   0.43924] Voice started
audio    D          kcm_mixer.c:121  _al_rechannel_matrix             [   0.43928] sample matrix:
audio    D          kcm_mixer.c:127  _al_rechannel_matrix             [   0.43935]  0.707107 0.000000
audio    D          kcm_mixer.c:127  _al_rechannel_matrix             [   0.43937]  0.000000 0.707107
d3d      D         d3d_disp.cpp:1202 real_choose_bitmap_format        [   0.44026] Fake format
d3d      D         d3d_disp.cpp:1202 real_choose_bitmap_format        [   0.44030] Fake format
d3d      D         d3d_disp.cpp:1202 real_choose_bitmap_format        [   0.44033] Fake format
d3d      D         d3d_disp.cpp:1202 real_choose_bitmap_format        [   0.44039] Fake format
d3d      D         d3d_disp.cpp:1202 real_choose_bitmap_format        [   0.44045] Fake format
d3d      D         d3d_disp.cpp:1202 real_choose_bitmap_format        [   0.44053] Fake format
d3d      D         d3d_disp.cpp:1202 real_choose_bitmap_format        [   0.44056] Fake format
d3d      D         d3d_disp.cpp:1202 real_choose_bitmap_format        [   0.44058] Fake format
d3d      D         d3d_disp.cpp:1202 real_choose_bitmap_format        [   0.44060] Fake format
d3d      D         d3d_disp.cpp:1210 real_choose_bitmap_format        [   0.44062] Alpha doesn't match
d3d      D         d3d_disp.cpp:1217 real_choose_bitmap_format        [   0.44066] Adapter format is 23
d3d      D         d3d_disp.cpp:1220 real_choose_bitmap_format        [   0.44072] Found a format
d3d      I         d3d_disp.cpp:2391 d3d_create_bitmap                [   0.44080] Chose bitmap format 9
font     D                ttf.c:243  alloc_glyph_region               [   0.44556] Glyph 85: 17x27 (20x28)
font     D                ttf.c:287  alloc_glyph_region               [   0.44565] Locking glyph region: 00000000025b9120 0 0 20 28
font     D                ttf.c:167  unlock_current_page              [   0.44789] Unlocking page: 00000000025b9120
font     D                ttf.c:243  alloc_glyph_region               [   0.44804] Glyph 87: 15x23 (16x24)
font     D                ttf.c:287  alloc_glyph_region               [   0.44809] Locking glyph region: 00000000025b9120 20 0 16 24
font     D                ttf.c:167  unlock_current_page              [   0.44815] Unlocking page: 00000000025b9120
font     D                ttf.c:243  alloc_glyph_region               [   0.44829] Glyph 74: 15x21 (16x24)
font     D                ttf.c:287  alloc_glyph_region               [   0.44832] Locking glyph region: 00000000025b9120 36 0 16 24
font     D                ttf.c:167  unlock_current_page              [   0.44843] Unlocking page: 00000000025b9120
font     D                ttf.c:243  alloc_glyph_region               [   0.44851] Glyph 88: 12x23 (12x24)
font     D                ttf.c:287  alloc_glyph_region               [   0.44854] Locking glyph region: 00000000025b9120 52 0 12 24
font     D                ttf.c:167  unlock_current_page              [   0.44863] Unlocking page: 00000000025b9120
font     D                ttf.c:446  cache_glyph                      [   0.44868] Glyph 5 has zero size.
font     D                ttf.c:243  alloc_glyph_region               [   0.44879] Glyph 42: 16x24 (16x24)
font     D                ttf.c:287  alloc_glyph_region               [   0.44884] Locking glyph region: 00000000025b9120 64 0 16 24
font     D                ttf.c:167  unlock_current_page              [   0.44896] Unlocking page: 00000000025b9120
font     D                ttf.c:243  alloc_glyph_region               [   0.44906] Glyph 83: 15x23 (16x24)
font     D                ttf.c:287  alloc_glyph_region               [   0.44914] Locking glyph region: 00000000025b9120 80 0 16 24
font     D                ttf.c:167  unlock_current_page              [   0.44923] Unlocking page: 00000000025b9120
font     D                ttf.c:243  alloc_glyph_region               [   0.44935] Glyph 89: 16x25 (16x28)
font     D                ttf.c:287  alloc_glyph_region               [   0.44938] Locking glyph region: 00000000025b9120 96 0 16 28
font     D                ttf.c:167  unlock_current_page              [   0.44948] Unlocking page: 00000000025b9120
font     D                ttf.c:243  alloc_glyph_region               [   0.44957] Glyph 84: 16x23 (16x24)
font     D                ttf.c:287  alloc_glyph_region               [   0.44961] Locking glyph region: 00000000025b9120 112 0 16 24
font     D                ttf.c:167  unlock_current_page              [   0.44965] Unlocking page: 00000000025b9120
font     D                ttf.c:243  alloc_glyph_region               [   0.44976] Glyph 70: 18x22 (20x24)
font     D                ttf.c:287  alloc_glyph_region               [   0.44982] Locking glyph region: 00000000025b9120 128 0 20 24
font     D                ttf.c:167  unlock_current_page              [   0.44992] Unlocking page: 00000000025b9120
d3d      D         d3d_disp.cpp:1202 real_choose_bitmap_format        [   0.45085] Fake format
d3d      D         d3d_disp.cpp:1202 real_choose_bitmap_format        [   0.45088] Fake format
d3d      D         d3d_disp.cpp:1202 real_choose_bitmap_format        [   0.45090] Fake format
d3d      D         d3d_disp.cpp:1202 real_choose_bitmap_format        [   0.45093] Fake format
d3d      D         d3d_disp.cpp:1202 real_choose_bitmap_format        [   0.45095] Fake format
d3d      D         d3d_disp.cpp:1202 real_choose_bitmap_format        [   0.45098] Fake format
d3d      D         d3d_disp.cpp:1202 real_choose_bitmap_format        [   0.45100] Fake format
d3d      D         d3d_disp.cpp:1202 real_choose_bitmap_format        [   0.45102] Fake format
d3d      D         d3d_disp.cpp:1202 real_choose_bitmap_format        [   0.45104] Fake format
d3d      D         d3d_disp.cpp:1210 real_choose_bitmap_format        [   0.45106] Alpha doesn't match
d3d      D         d3d_disp.cpp:1217 real_choose_bitmap_format        [   0.45109] Adapter format is 23
d3d      D         d3d_disp.cpp:1220 real_choose_bitmap_format        [   0.45112] Found a format
d3d      I         d3d_disp.cpp:2391 d3d_create_bitmap                [   0.45114] Chose bitmap format 9
font     D                ttf.c:243  alloc_glyph_region               [   0.45155] Glyph 85: 17x27 (20x28)
font     D                ttf.c:287  alloc_glyph_region               [   0.45160] Locking glyph region: 000000000261cf50 0 0 20 28
font     D                ttf.c:167  unlock_current_page              [   0.45219] Unlocking page: 000000000261cf50
font     D                ttf.c:243  alloc_glyph_region               [   0.45229] Glyph 87: 15x23 (16x24)
font     D                ttf.c:287  alloc_glyph_region               [   0.45232] Locking glyph region: 000000000261cf50 20 0 16 24
font     D                ttf.c:167  unlock_current_page              [   0.45237] Unlocking page: 000000000261cf50
font     D                ttf.c:243  alloc_glyph_region               [   0.45248] Glyph 74: 15x21 (16x24)
font     D                ttf.c:287  alloc_glyph_region               [   0.45257] Locking glyph region: 000000000261cf50 36 0 16 24
font     D                ttf.c:167  unlock_current_page              [   0.45264] Unlocking page: 000000000261cf50
font     D                ttf.c:243  alloc_glyph_region               [   0.45279] Glyph 88: 12x23 (12x24)
font     D                ttf.c:287  alloc_glyph_region               [   0.45286] Locking glyph region: 000000000261cf50 52 0 12 24
font     D                ttf.c:167  unlock_current_page              [   0.45291] Unlocking page: 000000000261cf50
font     D                ttf.c:446  cache_glyph                      [   0.45294] Glyph 5 has zero size.
font     D                ttf.c:243  alloc_glyph_region               [   0.45303] Glyph 40: 14x24 (16x24)
font     D                ttf.c:287  alloc_glyph_region               [   0.45306] Locking glyph region: 000000000261cf50 64 0 16 24
font     D                ttf.c:167  unlock_current_page              [   0.45312] Unlocking page: 000000000261cf50
font     D                ttf.c:243  alloc_glyph_region               [   0.45322] Glyph 89: 16x25 (16x28)
font     D                ttf.c:287  alloc_glyph_region               [   0.45326] Locking glyph region: 000000000261cf50 80 0 16 28
font     D                ttf.c:167  unlock_current_page              [   0.45331] Unlocking page: 000000000261cf50
font     D                ttf.c:243  alloc_glyph_region               [   0.45337] Glyph 84: 16x23 (16x24)
font     D                ttf.c:287  alloc_glyph_region               [   0.45339] Locking glyph region: 000000000261cf50 96 0 16 24
font     D                ttf.c:167  unlock_current_page              [   0.45348] Unlocking page: 000000000261cf50
font     D                ttf.c:243  alloc_glyph_region               [   0.45354] Glyph 72: 14x24 (16x24)
font     D                ttf.c:287  alloc_glyph_region               [   0.45357] Locking glyph region: 000000000261cf50 112 0 16 24
font     D                ttf.c:167  unlock_current_page              [   0.45364] Unlocking page: 000000000261cf50
font     D                ttf.c:243  alloc_glyph_region               [   0.45376] Glyph 73: 17x27 (20x28)
font     D                ttf.c:287  alloc_glyph_region               [   0.45381] Locking glyph region: 000000000261cf50 128 0 20 28
font     D                ttf.c:167  unlock_current_page              [   0.45386] Unlocking page: 000000000261cf50
font     D                ttf.c:243  alloc_glyph_region               [   0.45393] Glyph 78: 8x28 (8x28)
font     D                ttf.c:287  alloc_glyph_region               [   0.45396] Locking glyph region: 000000000261cf50 148 0 8 28
font     D                ttf.c:167  unlock_current_page              [   0.45401] Unlocking page: 000000000261cf50
d3d      D         d3d_disp.cpp:1202 real_choose_bitmap_format        [   0.45467] Fake format
d3d      D         d3d_disp.cpp:1202 real_choose_bitmap_format        [   0.45471] Fake format
d3d      D         d3d_disp.cpp:1202 real_choose_bitmap_format        [   0.45473] Fake format
d3d      D         d3d_disp.cpp:1202 real_choose_bitmap_format        [   0.45475] Fake format
d3d      D         d3d_disp.cpp:1202 real_choose_bitmap_format        [   0.45477] Fake format
d3d      D         d3d_disp.cpp:1202 real_choose_bitmap_format        [   0.45480] Fake format
d3d      D         d3d_disp.cpp:1202 real_choose_bitmap_format        [   0.45482] Fake format
d3d      D         d3d_disp.cpp:1202 real_choose_bitmap_format        [   0.45484] Fake format
d3d      D         d3d_disp.cpp:1202 real_choose_bitmap_format        [   0.45486] Fake format
d3d      D         d3d_disp.cpp:1210 real_choose_bitmap_format        [   0.45489] Alpha doesn't match
d3d      D         d3d_disp.cpp:1217 real_choose_bitmap_format        [   0.45491] Adapter format is 23
d3d      D         d3d_disp.cpp:1220 real_choose_bitmap_format        [   0.45494] Found a format
d3d      I         d3d_disp.cpp:2391 d3d_create_bitmap                [   0.45496] Chose bitmap format 9
font     D                ttf.c:243  alloc_glyph_region               [   0.45555] Glyph 85: 17x27 (20x28)
font     D                ttf.c:287  alloc_glyph_region               [   0.45570] Locking glyph region: 00000000025b9ce0 0 0 20 28
font     D                ttf.c:167  unlock_current_page              [   0.45636] Unlocking page: 00000000025b9ce0
font     D                ttf.c:243  alloc_glyph_region               [   0.45651] Glyph 87: 15x23 (16x24)
font     D                ttf.c:287  alloc_glyph_region               [   0.45657] Locking glyph region: 00000000025b9ce0 20 0 16 24
font     D                ttf.c:167  unlock_current_page              [   0.45668] Unlocking page: 00000000025b9ce0
font     D                ttf.c:243  alloc_glyph_region               [   0.45685] Glyph 74: 15x21 (16x24)
font     D                ttf.c:287  alloc_glyph_region               [   0.45690] Locking glyph region: 00000000025b9ce0 36 0 16 24
font     D                ttf.c:167  unlock_current_page              [   0.45697] Unlocking page: 00000000025b9ce0
font     D                ttf.c:243  alloc_glyph_region               [   0.45710] Glyph 88: 12x23 (12x24)
font     D                ttf.c:287  alloc_glyph_region               [   0.45720] Locking glyph region: 00000000025b9ce0 52 0 12 24
font     D                ttf.c:167  unlock_current_page              [   0.45733] Unlocking page: 00000000025b9ce0
font     D                ttf.c:446  cache_glyph                      [   0.45740] Glyph 5 has zero size.
font     D                ttf.c:243  alloc_glyph_region               [   0.45751] Glyph 42: 16x24 (16x24)
font     D                ttf.c:287  alloc_glyph_region               [   0.45757] Locking glyph region: 00000000025b9ce0 64 0 16 24
font     D                ttf.c:167  unlock_current_page              [   0.45763] Unlocking page: 00000000025b9ce0
font     D                ttf.c:243  alloc_glyph_region               [   0.45775] Glyph 72: 14x24 (16x24)
font     D                ttf.c:287  alloc_glyph_region               [   0.45778] Locking glyph region: 00000000025b9ce0 80 0 16 24
font     D                ttf.c:167  unlock_current_page              [   0.45786] Unlocking page: 00000000025b9ce0
font     D                ttf.c:243  alloc_glyph_region               [   0.45799] Glyph 89: 16x25 (16x28)
font     D                ttf.c:287  alloc_glyph_region               [   0.45803] Locking glyph region: 00000000025b9ce0 96 0 16 28
font     D                ttf.c:167  unlock_current_page              [   0.45810] Unlocking page: 00000000025b9ce0
font     D                ttf.c:243  alloc_glyph_region               [   0.45823] Glyph 84: 16x23 (16x24)
font     D                ttf.c:287  alloc_glyph_region               [   0.45828] Locking glyph region: 00000000025b9ce0 112 0 16 24
font     D                ttf.c:167  unlock_current_page              [   0.45833] Unlocking page: 00000000025b9ce0
font     D                ttf.c:243  alloc_glyph_region               [   0.45842] Glyph 93: 17x22 (20x24)
font     D                ttf.c:287  alloc_glyph_region               [   0.45846] Locking glyph region: 00000000025b9ce0 128 0 20 24
font     D                ttf.c:167  unlock_current_page              [   0.45852] Unlocking page: 00000000025b9ce0
font     D                ttf.c:243  alloc_glyph_region               [   0.45859] Glyph 78: 8x28 (8x28)
font     D                ttf.c:287  alloc_glyph_region               [   0.45864] Locking glyph region: 00000000025b9ce0 148 0 8 28
font     D                ttf.c:167  unlock_current_page              [   0.45868] Unlocking page: 00000000025b9ce0
d3d      D          d3d_bmp.cpp:539  _al_d3d_sync_bitmap              [   0.46723] _al_d3d_sync_bitmap (system) ref count == 1
d3d      D          d3d_bmp.cpp:545  _al_d3d_sync_bitmap              [   0.46732] _al_d3d_sync_bitmap (video) ref count == 1
d3d      D          d3d_bmp.cpp:539  _al_d3d_sync_bitmap              [   0.46736] _al_d3d_sync_bitmap (system) ref count == 1
d3d      D          d3d_bmp.cpp:545  _al_d3d_sync_bitmap              [   0.46739] _al_d3d_sync_bitmap (video) ref count == 1
d3d      D          d3d_bmp.cpp:539  _al_d3d_sync_bitmap              [   0.47069] _al_d3d_sync_bitmap (system) ref count == 1
d3d      D          d3d_bmp.cpp:545  _al_d3d_sync_bitmap              [   0.47077] _al_d3d_sync_bitmap (video) ref count == 1
d3d      D          d3d_bmp.cpp:539  _al_d3d_sync_bitmap              [   0.47139] _al_d3d_sync_bitmap (system) ref count == 1
d3d      D          d3d_bmp.cpp:545  _al_d3d_sync_bitmap              [   0.47142] _al_d3d_sync_bitmap (video) ref count == 1
d3d      D          d3d_bmp.cpp:539  _al_d3d_sync_bitmap              [   0.47210] _al_d3d_sync_bitmap (system) ref count == 1
d3d      D          d3d_bmp.cpp:545  _al_d3d_sync_bitmap              [   0.47214] _al_d3d_sync_bitmap (video) ref count == 1
dtor     D               dtor.c:227  _al_unregister_destructor        [  19.45075] removed dtor for queue 00000000025b7870
d3d      I         d3d_disp.cpp:915  d3d_destroy_display              [  19.45088] destroying display 00000000001baed0 (current 0000000000000000)
bitmap   D        bitmap_type.c:308  _al_convert_to_memory_bitmap     [  19.45563] converting display bitmap 00000000025b9ce0 to memory bitmap
dtor     D               dtor.c:196  _al_register_destructor          [  19.45579] added dtor for bitmap 00000000025b92d0, func 00007ffb32041bea
d3d      D          d3d_bmp.cpp:539  _al_d3d_sync_bitmap              [  19.45585] _al_d3d_sync_bitmap (system) ref count == 1
d3d      D          d3d_bmp.cpp:545  _al_d3d_sync_bitmap              [  19.45588] _al_d3d_sync_bitmap (video) ref count == 1
dtor     D               dtor.c:227  _al_unregister_destructor        [  19.45821] removed dtor for bitmap 00000000025b92d0
bitmap   D        bitmap_type.c:308  _al_convert_to_memory_bitmap     [  19.45859] converting display bitmap 000000000261cf50 to memory bitmap
dtor     D               dtor.c:196  _al_register_destructor          [  19.45865] added dtor for bitmap 00000000025b92d0, func 00007ffb32041bea
d3d      D          d3d_bmp.cpp:539  _al_d3d_sync_bitmap              [  19.45869] _al_d3d_sync_bitmap (system) ref count == 1
d3d      D          d3d_bmp.cpp:545  _al_d3d_sync_bitmap              [  19.45871] _al_d3d_sync_bitmap (video) ref count == 1
dtor     D               dtor.c:227  _al_unregister_destructor        [  19.46122] removed dtor for bitmap 00000000025b92d0
bitmap   D        bitmap_type.c:308  _al_convert_to_memory_bitmap     [  19.46143] converting display bitmap 00000000025b9120 to memory bitmap
dtor     D               dtor.c:196  _al_register_destructor          [  19.46148] added dtor for bitmap 00000000025b92d0, func 00007ffb32041bea
d3d      D          d3d_bmp.cpp:539  _al_d3d_sync_bitmap              [  19.46151] _al_d3d_sync_bitmap (system) ref count == 1
d3d      D          d3d_bmp.cpp:545  _al_d3d_sync_bitmap              [  19.46153] _al_d3d_sync_bitmap (video) ref count == 1
dtor     D               dtor.c:227  _al_unregister_destructor        [  19.46330] removed dtor for bitmap 00000000025b92d0
bitmap   D        bitmap_type.c:308  _al_convert_to_memory_bitmap     [  19.46350] converting display bitmap 00000000025cf4c0 to memory bitmap
dtor     D               dtor.c:196  _al_register_destructor          [  19.46354] added dtor for bitmap 00000000025b92d0, func 00007ffb32041bea
d3d      D          d3d_bmp.cpp:539  _al_d3d_sync_bitmap              [  19.46359] _al_d3d_sync_bitmap (system) ref count == 1
d3d      D          d3d_bmp.cpp:545  _al_d3d_sync_bitmap              [  19.46363] _al_d3d_sync_bitmap (video) ref count == 1
dtor     D               dtor.c:227  _al_unregister_destructor        [  19.46987] removed dtor for bitmap 00000000025b92d0
bitmap   D        bitmap_type.c:308  _al_convert_to_memory_bitmap     [  19.47063] converting display bitmap 00000000025bc1d0 to memory bitmap
dtor     D               dtor.c:196  _al_register_destructor          [  19.47070] added dtor for bitmap 00000000025b92d0, func 00007ffb32041bea
d3d      D          d3d_bmp.cpp:539  _al_d3d_sync_bitmap              [  19.47076] _al_d3d_sync_bitmap (system) ref count == 1
d3d      D          d3d_bmp.cpp:545  _al_d3d_sync_bitmap              [  19.47079] _al_d3d_sync_bitmap (video) ref count == 1
dtor     D               dtor.c:227  _al_unregister_destructor        [  19.47138] removed dtor for bitmap 00000000025b92d0
d3d      D         d3d_disp.cpp:899  d3d_destroy_display_internals    [  19.47145] waiting for display 00000000001baed0's thread to end
d3d      W         d3d_disp.cpp:608  d3d_destroy_device               [  19.48064] d3d_destroy_device: ref count not 0
d3d      I         d3d_disp.cpp:1562 d3d_display_thread_proc          [  19.50091] d3d display thread exits
dtor     D               dtor.c:116  _al_run_destructors              [  19.50248] calling dtor for ttf_font 00000000025d3190, func 00007ffb32164c05
dtor     D               dtor.c:227  _al_unregister_destructor        [  19.50260] removed dtor for ttf_font 00000000025d3190
dtor     D               dtor.c:116  _al_run_destructors              [  19.50296] calling dtor for ttf_font 00000000025d33d0, func 00007ffb32164c05
dtor     D               dtor.c:227  _al_unregister_destructor        [  19.50302] removed dtor for ttf_font 00000000025d33d0
dtor     D               dtor.c:116  _al_run_destructors              [  19.50329] calling dtor for ttf_font 00000000025d3490, func 00007ffb32164c05
dtor     D               dtor.c:227  _al_unregister_destructor        [  19.50336] removed dtor for ttf_font 00000000025d3490
dtor     D               dtor.c:116  _al_run_destructors              [  19.50370] calling dtor for bitmap 00000000025cf4c0, func 00007ffb32041bea
dtor     D               dtor.c:227  _al_unregister_destructor        [  19.50377] removed dtor for bitmap 00000000025cf4c0
dtor     D               dtor.c:116  _al_run_destructors              [  19.50442] calling dtor for bitmap 00000000025bc1d0, func 00007ffb32041bea
dtor     D               dtor.c:227  _al_unregister_destructor        [  19.50446] removed dtor for bitmap 00000000025bc1d0
dtor     D               dtor.c:116  _al_run_destructors              [  19.50453] calling dtor for timer 00000000025b8b50, func 00007ffb3207fb3b
dtor     D               dtor.c:227  _al_unregister_destructor        [  19.50456] removed dtor for timer 00000000025b8b50
dtor     D               dtor.c:227  _al_unregister_destructor        [  19.50464] removed dtor for sample_instance 00000000025b8ee0
dtor     D               dtor.c:227  _al_unregister_destructor        [  19.50468] removed dtor for sample_instance 00000000025b9000
dtor     D               dtor.c:227  _al_unregister_destructor        [  19.50471] removed dtor for sample_instance 00000000025b8c50
dtor     D               dtor.c:227  _al_unregister_destructor        [  19.50474] removed dtor for sample_instance 00000000025b8d70
dtor     D               dtor.c:227  _al_unregister_destructor        [  19.50478] removed dtor for sample_instance 00000000025b9490
dtor     D               dtor.c:227  _al_unregister_destructor        [  19.50481] removed dtor for sample_instance 00000000025b95b0
dtor     D               dtor.c:227  _al_unregister_destructor        [  19.50485] removed dtor for sample_instance 00000000025ba740
dtor     D               dtor.c:227  _al_unregister_destructor        [  19.50488] removed dtor for sample_instance 00000000025ba860
dtor     D               dtor.c:227  _al_unregister_destructor        [  19.50491] removed dtor for sample_instance 00000000025baa90
dtor     D               dtor.c:227  _al_unregister_destructor        [  19.50494] removed dtor for sample_instance 00000000025babb0
dtor     D               dtor.c:227  _al_unregister_destructor        [  19.50498] removed dtor for sample_instance 00000000025bacd0
dtor     D               dtor.c:227  _al_unregister_destructor        [  19.50502] removed dtor for sample_instance 00000000025bb1a0
dtor     D               dtor.c:227  _al_unregister_destructor        [  19.50505] removed dtor for sample_instance 00000000025bb980
dtor     D               dtor.c:227  _al_unregister_destructor        [  19.50508] removed dtor for sample_instance 00000000025bb3e0
dtor     D               dtor.c:227  _al_unregister_destructor        [  19.50511] removed dtor for sample_instance 00000000025bb860
dtor     D               dtor.c:227  _al_unregister_destructor        [  19.50515] removed dtor for sample_instance 00000000025baf60
dtor     D               dtor.c:227  _al_unregister_destructor        [  19.50519] removed dtor for sample_instance 00000000025bb2c0
dtor     D               dtor.c:227  _al_unregister_destructor        [  19.50522] removed dtor for sample_instance 00000000025bbaa0
dtor     D               dtor.c:227  _al_unregister_destructor        [  19.50526] removed dtor for sample_instance 00000000025bb500
dtor     D               dtor.c:227  _al_unregister_destructor        [  19.50529] removed dtor for sample_instance 00000000025bb620
dtor     D               dtor.c:227  _al_unregister_destructor        [  19.50532] removed dtor for mixer 00000000025b9aa0
audio-dsound D           dsound.cpp:528  _dsound_stop_voice               [  19.50535] Stopping voice
audio-dsound D           dsound.cpp:545  _dsound_stop_voice               [  19.50539] Joining thread
audio-dsound D           dsound.cpp:551  _dsound_stop_voice               [  19.50882] Joined thread
audio-dsound D           dsound.cpp:553  _dsound_stop_voice               [  19.50894] Destroying thread
audio-dsound D           dsound.cpp:555  _dsound_stop_voice               [  19.50897] Thread destroyed
audio-dsound D           dsound.cpp:562  _dsound_stop_voice               [  19.50899] Releasing buffer
audio-dsound I           dsound.cpp:566  _dsound_stop_voice               [  19.50902] Voice stopped
dtor     D               dtor.c:227  _al_unregister_destructor        [  19.50906] removed dtor for voice 00000000025b2f70
audio-dsound D           dsound.cpp:380  _dsound_deallocate_voice         [  19.50908] Deallocating voice
audio-dsound D           dsound.cpp:385  _dsound_deallocate_voice         [  19.50910] Deallocated voice
dtor     D               dtor.c:116  _al_run_destructors              [  19.50913] calling dtor for sample_instance 00000000025bbbc0, func 00007ffb3216929b
dtor     D               dtor.c:227  _al_unregister_destructor        [  19.50915] removed dtor for sample_instance 00000000025bbbc0
dtor     D               dtor.c:116  _al_run_destructors              [  19.50918] calling dtor for sample 00000000025d30d0, func 00007ffb32171a1d
dtor     D               dtor.c:227  _al_unregister_destructor        [  19.50921] removed dtor for sample 00000000025d30d0
audio-dsound D           dsound.cpp:296  _dsound_close                    [  19.50966] Releasing device
audio-dsound D           dsound.cpp:298  _dsound_close                    [  19.52331] Released device
audio-dsound I           dsound.cpp:299  _dsound_close                    [  19.52337] DirectSound closed
