stdio    D         file_stdio.c:110  file_stdio_fopen                 [   0.00000] opening F:\File\Important Data\I2P1_Final_project_I-wanna-handout-the-final-project\I wanna handout the final project!\allegro5.cfg r
system   D            wsystem.c:874  _al_win_safe_load_library        [   0.00000] PathFindOnPath found: C:\WINDOWS\system32\shcore.dll
system   D            wsystem.c:780  load_library_at_path             [   0.00000] Calling LoadLibrary C:\WINDOWS\system32\shcore.dll
system   I            wsystem.c:783  load_library_at_path             [   0.00000] Loaded C:\WINDOWS\system32\shcore.dll
system   I             system.c:271  al_install_system                [   0.00000] Allegro version: 5.2.7
audio-dsound I           dsound.cpp:271  _dsound_open                     [   0.00038] Starting DirectSound...
audio-dsound D           dsound.cpp:280  _dsound_open                     [   0.03067] DirectSoundCreate8 succeeded
audio-dsound I           dsound.cpp:73   get_window                       [   0.03073] Using desktop window: 0000000000010010
audio    I              audio.c:347  do_install_audio                 [   0.03087] Using DirectSound driver
system   D            wsystem.c:874  _al_win_safe_load_library        [   0.03116] PathFindOnPath found: C:\WINDOWS\system32\d3d9.dll
system   D            wsystem.c:780  load_library_at_path             [   0.03119] Calling LoadLibrary C:\WINDOWS\system32\d3d9.dll
system   I            wsystem.c:783  load_library_at_path             [   0.03422] Loaded C:\WINDOWS\system32\d3d9.dll
d3d      I         d3d_disp.cpp:684  d3d_init_display                 [   0.14042] Render-to-texture: 1
d3d      I         d3d_disp.cpp:1782 d3d_create_display_locked        [   0.14204] faux_fullscreen=0
d3d      D         d3d_disp.cpp:1783 d3d_create_display_locked        [   0.14211] al_display=0000000000e0aeb0
d3d      D         d3d_disp.cpp:1784 d3d_create_display_locked        [   0.14217] al_display->vt=0000000000e08950
d3d      I d3d_display_formats.cpp:144  _al_d3d_generate_display_format_list [   0.19031] found 160 format combinations
display  D   display_settings.c:212  debug_display_settings           [   0.19038] color: 32 (rgba 8880), depth: 0, stencil: 0, acc: 0000, samples: 0/0
display  D   display_settings.c:527  _al_score_display_settings       [   0.19045] Score is : 897
display  D   display_settings.c:212  debug_display_settings           [   0.19051] color: 32 (rgba 8880), depth: 0, stencil: 0, acc: 0000, samples: 0/0
display  D   display_settings.c:527  _al_score_display_settings       [   0.19053] Score is : 897
display  D   display_settings.c:212  debug_display_settings           [   0.19059] color: 32 (rgba 8880), depth: 0, stencil: 0, acc: 0000, samples: 2/1
display  D   display_settings.c:527  _al_score_display_settings       [   0.19061] Score is : 726
display  D   display_settings.c:212  debug_display_settings           [   0.19066] color: 32 (rgba 8880), depth: 0, stencil: 0, acc: 0000, samples: 3/1
display  D   display_settings.c:527  _al_score_display_settings       [   0.19070] Score is : 721
display  D   display_settings.c:212  debug_display_settings           [   0.19074] color: 32 (rgba 8880), depth: 0, stencil: 0, acc: 0000, samples: 4/1
display  D   display_settings.c:527  _al_score_display_settings       [   0.19076] Score is : 717
display  D   display_settings.c:212  debug_display_settings           [   0.19079] color: 32 (rgba 8880), depth: 24, stencil: 8, acc: 0000, samples: 0/0
display  D   display_settings.c:527  _al_score_display_settings       [   0.19081] Score is : 897
display  D   display_settings.c:212  debug_display_settings           [   0.19083] color: 32 (rgba 8880), depth: 24, stencil: 8, acc: 0000, samples: 0/0
display  D   display_settings.c:527  _al_score_display_settings       [   0.19085] Score is : 897
display  D   display_settings.c:212  debug_display_settings           [   0.19088] color: 32 (rgba 8880), depth: 24, stencil: 8, acc: 0000, samples: 2/1
display  D   display_settings.c:527  _al_score_display_settings       [   0.19091] Score is : 726
display  D   display_settings.c:212  debug_display_settings           [   0.19104] color: 32 (rgba 8880), depth: 24, stencil: 8, acc: 0000, samples: 3/1
display  D   display_settings.c:527  _al_score_display_settings       [   0.19111] Score is : 721
display  D   display_settings.c:212  debug_display_settings           [   0.19114] color: 32 (rgba 8880), depth: 24, stencil: 8, acc: 0000, samples: 4/1
display  D   display_settings.c:527  _al_score_display_settings       [   0.19120] Score is : 717
display  D   display_settings.c:212  debug_display_settings           [   0.19123] color: 32 (rgba 8880), depth: 24, stencil: 0, acc: 0000, samples: 0/0
display  D   display_settings.c:527  _al_score_display_settings       [   0.19130] Score is : 897
display  D   display_settings.c:212  debug_display_settings           [   0.19132] color: 32 (rgba 8880), depth: 24, stencil: 0, acc: 0000, samples: 0/0
display  D   display_settings.c:527  _al_score_display_settings       [   0.19136] Score is : 897
display  D   display_settings.c:212  debug_display_settings           [   0.19140] color: 32 (rgba 8880), depth: 24, stencil: 0, acc: 0000, samples: 2/1
display  D   display_settings.c:527  _al_score_display_settings       [   0.19143] Score is : 726
display  D   display_settings.c:212  debug_display_settings           [   0.19145] color: 32 (rgba 8880), depth: 24, stencil: 0, acc: 0000, samples: 3/1
display  D   display_settings.c:527  _al_score_display_settings       [   0.19148] Score is : 721
display  D   display_settings.c:212  debug_display_settings           [   0.19150] color: 32 (rgba 8880), depth: 24, stencil: 0, acc: 0000, samples: 4/1
display  D   display_settings.c:527  _al_score_display_settings       [   0.19152] Score is : 717
display  D   display_settings.c:212  debug_display_settings           [   0.19154] color: 32 (rgba 8880), depth: 16, stencil: 0, acc: 0000, samples: 0/0
display  D   display_settings.c:527  _al_score_display_settings       [   0.19156] Score is : 897
display  D   display_settings.c:212  debug_display_settings           [   0.19158] color: 32 (rgba 8880), depth: 16, stencil: 0, acc: 0000, samples: 0/0
display  D   display_settings.c:527  _al_score_display_settings       [   0.19160] Score is : 897
display  D   display_settings.c:212  debug_display_settings           [   0.19163] color: 32 (rgba 8880), depth: 16, stencil: 0, acc: 0000, samples: 2/1
display  D   display_settings.c:527  _al_score_display_settings       [   0.19165] Score is : 726
display  D   display_settings.c:212  debug_display_settings           [   0.19167] color: 32 (rgba 8880), depth: 16, stencil: 0, acc: 0000, samples: 3/1
display  D   display_settings.c:527  _al_score_display_settings       [   0.19169] Score is : 721
display  D   display_settings.c:212  debug_display_settings           [   0.19171] color: 32 (rgba 8880), depth: 16, stencil: 0, acc: 0000, samples: 4/1
display  D   display_settings.c:527  _al_score_display_settings       [   0.19173] Score is : 717
display  D   display_settings.c:212  debug_display_settings           [   0.19175] color: 16 (rgba 5650), depth: 0, stencil: 0, acc: 0000, samples: 0/0
display  D   display_settings.c:527  _al_score_display_settings       [   0.19178] Score is : 897
display  D   display_settings.c:212  debug_display_settings           [   0.19180] color: 16 (rgba 5650), depth: 0, stencil: 0, acc: 0000, samples: 0/0
display  D   display_settings.c:527  _al_score_display_settings       [   0.19182] Score is : 897
display  D   display_settings.c:212  debug_display_settings           [   0.19184] color: 16 (rgba 5650), depth: 0, stencil: 0, acc: 0000, samples: 2/1
display  D   display_settings.c:527  _al_score_display_settings       [   0.19186] Score is : 726
display  D   display_settings.c:212  debug_display_settings           [   0.19189] color: 16 (rgba 5650), depth: 0, stencil: 0, acc: 0000, samples: 3/1
display  D   display_settings.c:527  _al_score_display_settings       [   0.19191] Score is : 721
display  D   display_settings.c:212  debug_display_settings           [   0.19193] color: 16 (rgba 5650), depth: 0, stencil: 0, acc: 0000, samples: 4/1
display  D   display_settings.c:527  _al_score_display_settings       [   0.19195] Score is : 717
display  D   display_settings.c:212  debug_display_settings           [   0.19198] color: 16 (rgba 5650), depth: 24, stencil: 8, acc: 0000, samples: 0/0
display  D   display_settings.c:527  _al_score_display_settings       [   0.19200] Score is : 897
display  D   display_settings.c:212  debug_display_settings           [   0.19202] color: 16 (rgba 5650), depth: 24, stencil: 8, acc: 0000, samples: 0/0
display  D   display_settings.c:527  _al_score_display_settings       [   0.19204] Score is : 897
display  D   display_settings.c:212  debug_display_settings           [   0.19206] color: 16 (rgba 5650), depth: 24, stencil: 8, acc: 0000, samples: 2/1
display  D   display_settings.c:527  _al_score_display_settings       [   0.19209] Score is : 726
display  D   display_settings.c:212  debug_display_settings           [   0.19211] color: 16 (rgba 5650), depth: 24, stencil: 8, acc: 0000, samples: 3/1
display  D   display_settings.c:527  _al_score_display_settings       [   0.19213] Score is : 721
display  D   display_settings.c:212  debug_display_settings           [   0.19215] color: 16 (rgba 5650), depth: 24, stencil: 8, acc: 0000, samples: 4/1
display  D   display_settings.c:527  _al_score_display_settings       [   0.19217] Score is : 717
display  D   display_settings.c:212  debug_display_settings           [   0.19219] color: 16 (rgba 5650), depth: 24, stencil: 0, acc: 0000, samples: 0/0
display  D   display_settings.c:527  _al_score_display_settings       [   0.19221] Score is : 897
display  D   display_settings.c:212  debug_display_settings           [   0.19224] color: 16 (rgba 5650), depth: 24, stencil: 0, acc: 0000, samples: 0/0
display  D   display_settings.c:527  _al_score_display_settings       [   0.19226] Score is : 897
display  D   display_settings.c:212  debug_display_settings           [   0.19228] color: 16 (rgba 5650), depth: 24, stencil: 0, acc: 0000, samples: 2/1
display  D   display_settings.c:527  _al_score_display_settings       [   0.19230] Score is : 726
display  D   display_settings.c:212  debug_display_settings           [   0.19232] color: 16 (rgba 5650), depth: 24, stencil: 0, acc: 0000, samples: 3/1
display  D   display_settings.c:527  _al_score_display_settings       [   0.19234] Score is : 721
display  D   display_settings.c:212  debug_display_settings           [   0.19236] color: 16 (rgba 5650), depth: 24, stencil: 0, acc: 0000, samples: 4/1
display  D   display_settings.c:527  _al_score_display_settings       [   0.19239] Score is : 717
display  D   display_settings.c:212  debug_display_settings           [   0.19241] color: 16 (rgba 5650), depth: 16, stencil: 0, acc: 0000, samples: 0/0
display  D   display_settings.c:527  _al_score_display_settings       [   0.19243] Score is : 897
display  D   display_settings.c:212  debug_display_settings           [   0.19245] color: 16 (rgba 5650), depth: 16, stencil: 0, acc: 0000, samples: 0/0
display  D   display_settings.c:527  _al_score_display_settings       [   0.19247] Score is : 897
display  D   display_settings.c:212  debug_display_settings           [   0.19249] color: 16 (rgba 5650), depth: 16, stencil: 0, acc: 0000, samples: 2/1
display  D   display_settings.c:527  _al_score_display_settings       [   0.19251] Score is : 726
display  D   display_settings.c:212  debug_display_settings           [   0.19253] color: 16 (rgba 5650), depth: 16, stencil: 0, acc: 0000, samples: 3/1
display  D   display_settings.c:527  _al_score_display_settings       [   0.19256] Score is : 721
display  D   display_settings.c:212  debug_display_settings           [   0.19258] color: 16 (rgba 5650), depth: 16, stencil: 0, acc: 0000, samples: 4/1
display  D   display_settings.c:527  _al_score_display_settings       [   0.19260] Score is : 717
display  D   display_settings.c:212  debug_display_settings           [   0.19262] color: 32 (rgba 8880), depth: 0, stencil: 0, acc: 0000, samples: 0/0
display  D   display_settings.c:398  _al_score_display_settings       [   0.19264] Single Buffer requirement not met.
display  D   display_settings.c:212  debug_display_settings           [   0.19267] color: 32 (rgba 8880), depth: 0, stencil: 0, acc: 0000, samples: 0/0
display  D   display_settings.c:398  _al_score_display_settings       [   0.19269] Single Buffer requirement not met.
display  D   display_settings.c:212  debug_display_settings           [   0.19271] color: 32 (rgba 8880), depth: 0, stencil: 0, acc: 0000, samples: 2/1
display  D   display_settings.c:398  _al_score_display_settings       [   0.19273] Single Buffer requirement not met.
display  D   display_settings.c:212  debug_display_settings           [   0.19276] color: 32 (rgba 8880), depth: 0, stencil: 0, acc: 0000, samples: 3/1
display  D   display_settings.c:398  _al_score_display_settings       [   0.19278] Single Buffer requirement not met.
display  D   display_settings.c:212  debug_display_settings           [   0.19280] color: 32 (rgba 8880), depth: 0, stencil: 0, acc: 0000, samples: 4/1
display  D   display_settings.c:398  _al_score_display_settings       [   0.19282] Single Buffer requirement not met.
display  D   display_settings.c:212  debug_display_settings           [   0.19284] color: 32 (rgba 8880), depth: 24, stencil: 8, acc: 0000, samples: 0/0
display  D   display_settings.c:398  _al_score_display_settings       [   0.19287] Single Buffer requirement not met.
display  D   display_settings.c:212  debug_display_settings           [   0.19289] color: 32 (rgba 8880), depth: 24, stencil: 8, acc: 0000, samples: 0/0
display  D   display_settings.c:398  _al_score_display_settings       [   0.19291] Single Buffer requirement not met.
display  D   display_settings.c:212  debug_display_settings           [   0.19293] color: 32 (rgba 8880), depth: 24, stencil: 8, acc: 0000, samples: 2/1
display  D   display_settings.c:398  _al_score_display_settings       [   0.19295] Single Buffer requirement not met.
display  D   display_settings.c:212  debug_display_settings           [   0.19297] color: 32 (rgba 8880), depth: 24, stencil: 8, acc: 0000, samples: 3/1
display  D   display_settings.c:398  _al_score_display_settings       [   0.19300] Single Buffer requirement not met.
display  D   display_settings.c:212  debug_display_settings           [   0.19302] color: 32 (rgba 8880), depth: 24, stencil: 8, acc: 0000, samples: 4/1
display  D   display_settings.c:398  _al_score_display_settings       [   0.19304] Single Buffer requirement not met.
display  D   display_settings.c:212  debug_display_settings           [   0.19306] color: 32 (rgba 8880), depth: 24, stencil: 0, acc: 0000, samples: 0/0
display  D   display_settings.c:398  _al_score_display_settings       [   0.19308] Single Buffer requirement not met.
display  D   display_settings.c:212  debug_display_settings           [   0.19310] color: 32 (rgba 8880), depth: 24, stencil: 0, acc: 0000, samples: 0/0
display  D   display_settings.c:398  _al_score_display_settings       [   0.19312] Single Buffer requirement not met.
display  D   display_settings.c:212  debug_display_settings           [   0.19315] color: 32 (rgba 8880), depth: 24, stencil: 0, acc: 0000, samples: 2/1
display  D   display_settings.c:398  _al_score_display_settings       [   0.19317] Single Buffer requirement not met.
display  D   display_settings.c:212  debug_display_settings           [   0.19319] color: 32 (rgba 8880), depth: 24, stencil: 0, acc: 0000, samples: 3/1
display  D   display_settings.c:398  _al_score_display_settings       [   0.19321] Single Buffer requirement not met.
display  D   display_settings.c:212  debug_display_settings           [   0.19323] color: 32 (rgba 8880), depth: 24, stencil: 0, acc: 0000, samples: 4/1
display  D   display_settings.c:398  _al_score_display_settings       [   0.19325] Single Buffer requirement not met.
display  D   display_settings.c:212  debug_display_settings           [   0.19328] color: 32 (rgba 8880), depth: 16, stencil: 0, acc: 0000, samples: 0/0
display  D   display_settings.c:398  _al_score_display_settings       [   0.19333] Single Buffer requirement not met.
display  D   display_settings.c:212  debug_display_settings           [   0.19335] color: 32 (rgba 8880), depth: 16, stencil: 0, acc: 0000, samples: 0/0
display  D   display_settings.c:398  _al_score_display_settings       [   0.19338] Single Buffer requirement not met.
display  D   display_settings.c:212  debug_display_settings           [   0.19340] color: 32 (rgba 8880), depth: 16, stencil: 0, acc: 0000, samples: 2/1
display  D   display_settings.c:398  _al_score_display_settings       [   0.19342] Single Buffer requirement not met.
display  D   display_settings.c:212  debug_display_settings           [   0.19344] color: 32 (rgba 8880), depth: 16, stencil: 0, acc: 0000, samples: 3/1
display  D   display_settings.c:398  _al_score_display_settings       [   0.19347] Single Buffer requirement not met.
display  D   display_settings.c:212  debug_display_settings           [   0.19349] color: 32 (rgba 8880), depth: 16, stencil: 0, acc: 0000, samples: 4/1
display  D   display_settings.c:398  _al_score_display_settings       [   0.19351] Single Buffer requirement not met.
display  D   display_settings.c:212  debug_display_settings           [   0.19353] color: 16 (rgba 5650), depth: 0, stencil: 0, acc: 0000, samples: 0/0
display  D   display_settings.c:398  _al_score_display_settings       [   0.19355] Single Buffer requirement not met.
display  D   display_settings.c:212  debug_display_settings           [   0.19357] color: 16 (rgba 5650), depth: 0, stencil: 0, acc: 0000, samples: 0/0
display  D   display_settings.c:398  _al_score_display_settings       [   0.19360] Single Buffer requirement not met.
display  D   display_settings.c:212  debug_display_settings           [   0.19362] color: 16 (rgba 5650), depth: 0, stencil: 0, acc: 0000, samples: 2/1
display  D   display_settings.c:398  _al_score_display_settings       [   0.19364] Single Buffer requirement not met.
display  D   display_settings.c:212  debug_display_settings           [   0.19366] color: 16 (rgba 5650), depth: 0, stencil: 0, acc: 0000, samples: 3/1
display  D   display_settings.c:398  _al_score_display_settings       [   0.19368] Single Buffer requirement not met.
display  D   display_settings.c:212  debug_display_settings           [   0.19370] color: 16 (rgba 5650), depth: 0, stencil: 0, acc: 0000, samples: 4/1
display  D   display_settings.c:398  _al_score_display_settings       [   0.19372] Single Buffer requirement not met.
display  D   display_settings.c:212  debug_display_settings           [   0.19375] color: 16 (rgba 5650), depth: 24, stencil: 8, acc: 0000, samples: 0/0
display  D   display_settings.c:398  _al_score_display_settings       [   0.19377] Single Buffer requirement not met.
display  D   display_settings.c:212  debug_display_settings           [   0.19379] color: 16 (rgba 5650), depth: 24, stencil: 8, acc: 0000, samples: 0/0
display  D   display_settings.c:398  _al_score_display_settings       [   0.19381] Single Buffer requirement not met.
display  D   display_settings.c:212  debug_display_settings           [   0.19383] color: 16 (rgba 5650), depth: 24, stencil: 8, acc: 0000, samples: 2/1
display  D   display_settings.c:398  _al_score_display_settings       [   0.19385] Single Buffer requirement not met.
display  D   display_settings.c:212  debug_display_settings           [   0.19388] color: 16 (rgba 5650), depth: 24, stencil: 8, acc: 0000, samples: 3/1
display  D   display_settings.c:398  _al_score_display_settings       [   0.19390] Single Buffer requirement not met.
display  D   display_settings.c:212  debug_display_settings           [   0.19392] color: 16 (rgba 5650), depth: 24, stencil: 8, acc: 0000, samples: 4/1
display  D   display_settings.c:398  _al_score_display_settings       [   0.19394] Single Buffer requirement not met.
display  D   display_settings.c:212  debug_display_settings           [   0.19396] color: 16 (rgba 5650), depth: 24, stencil: 0, acc: 0000, samples: 0/0
display  D   display_settings.c:398  _al_score_display_settings       [   0.19398] Single Buffer requirement not met.
display  D   display_settings.c:212  debug_display_settings           [   0.19401] color: 16 (rgba 5650), depth: 24, stencil: 0, acc: 0000, samples: 0/0
display  D   display_settings.c:398  _al_score_display_settings       [   0.19403] Single Buffer requirement not met.
display  D   display_settings.c:212  debug_display_settings           [   0.19405] color: 16 (rgba 5650), depth: 24, stencil: 0, acc: 0000, samples: 2/1
display  D   display_settings.c:398  _al_score_display_settings       [   0.19407] Single Buffer requirement not met.
display  D   display_settings.c:212  debug_display_settings           [   0.19409] color: 16 (rgba 5650), depth: 24, stencil: 0, acc: 0000, samples: 3/1
display  D   display_settings.c:398  _al_score_display_settings       [   0.19411] Single Buffer requirement not met.
display  D   display_settings.c:212  debug_display_settings           [   0.19414] color: 16 (rgba 5650), depth: 24, stencil: 0, acc: 0000, samples: 4/1
display  D   display_settings.c:398  _al_score_display_settings       [   0.19416] Single Buffer requirement not met.
display  D   display_settings.c:212  debug_display_settings           [   0.19418] color: 16 (rgba 5650), depth: 16, stencil: 0, acc: 0000, samples: 0/0
display  D   display_settings.c:398  _al_score_display_settings       [   0.19420] Single Buffer requirement not met.
display  D   display_settings.c:212  debug_display_settings           [   0.19422] color: 16 (rgba 5650), depth: 16, stencil: 0, acc: 0000, samples: 0/0
display  D   display_settings.c:398  _al_score_display_settings       [   0.19424] Single Buffer requirement not met.
display  D   display_settings.c:212  debug_display_settings           [   0.19426] color: 16 (rgba 5650), depth: 16, stencil: 0, acc: 0000, samples: 2/1
display  D   display_settings.c:398  _al_score_display_settings       [   0.19429] Single Buffer requirement not met.
display  D   display_settings.c:212  debug_display_settings           [   0.19431] color: 16 (rgba 5650), depth: 16, stencil: 0, acc: 0000, samples: 3/1
display  D   display_settings.c:398  _al_score_display_settings       [   0.19433] Single Buffer requirement not met.
display  D   display_settings.c:212  debug_display_settings           [   0.19435] color: 16 (rgba 5650), depth: 16, stencil: 0, acc: 0000, samples: 4/1
display  D   display_settings.c:398  _al_score_display_settings       [   0.19437] Single Buffer requirement not met.
display  D   display_settings.c:212  debug_display_settings           [   0.19439] color: 32 (rgba 8880), depth: 0, stencil: 0, acc: 0000, samples: 0/0
display  D   display_settings.c:527  _al_score_display_settings       [   0.19442] Score is : 769
display  D   display_settings.c:212  debug_display_settings           [   0.19444] color: 32 (rgba 8880), depth: 0, stencil: 0, acc: 0000, samples: 0/0
display  D   display_settings.c:527  _al_score_display_settings       [   0.19446] Score is : 769
display  D   display_settings.c:212  debug_display_settings           [   0.19448] color: 32 (rgba 8880), depth: 0, stencil: 0, acc: 0000, samples: 2/1
display  D   display_settings.c:527  _al_score_display_settings       [   0.19450] Score is : 598
display  D   display_settings.c:212  debug_display_settings           [   0.19452] color: 32 (rgba 8880), depth: 0, stencil: 0, acc: 0000, samples: 3/1
display  D   display_settings.c:527  _al_score_display_settings       [   0.19455] Score is : 593
display  D   display_settings.c:212  debug_display_settings           [   0.19457] color: 32 (rgba 8880), depth: 0, stencil: 0, acc: 0000, samples: 4/1
display  D   display_settings.c:527  _al_score_display_settings       [   0.19459] Score is : 589
display  D   display_settings.c:212  debug_display_settings           [   0.19461] color: 32 (rgba 8880), depth: 24, stencil: 8, acc: 0000, samples: 0/0
display  D   display_settings.c:527  _al_score_display_settings       [   0.19463] Score is : 769
display  D   display_settings.c:212  debug_display_settings           [   0.19465] color: 32 (rgba 8880), depth: 24, stencil: 8, acc: 0000, samples: 0/0
display  D   display_settings.c:527  _al_score_display_settings       [   0.19468] Score is : 769
display  D   display_settings.c:212  debug_display_settings           [   0.19470] color: 32 (rgba 8880), depth: 24, stencil: 8, acc: 0000, samples: 2/1
display  D   display_settings.c:527  _al_score_display_settings       [   0.19472] Score is : 598
display  D   display_settings.c:212  debug_display_settings           [   0.19474] color: 32 (rgba 8880), depth: 24, stencil: 8, acc: 0000, samples: 3/1
display  D   display_settings.c:527  _al_score_display_settings       [   0.19476] Score is : 593
display  D   display_settings.c:212  debug_display_settings           [   0.19478] color: 32 (rgba 8880), depth: 24, stencil: 8, acc: 0000, samples: 4/1
display  D   display_settings.c:527  _al_score_display_settings       [   0.19480] Score is : 589
display  D   display_settings.c:212  debug_display_settings           [   0.19482] color: 32 (rgba 8880), depth: 24, stencil: 0, acc: 0000, samples: 0/0
display  D   display_settings.c:527  _al_score_display_settings       [   0.19485] Score is : 769
display  D   display_settings.c:212  debug_display_settings           [   0.19489] color: 32 (rgba 8880), depth: 24, stencil: 0, acc: 0000, samples: 0/0
display  D   display_settings.c:527  _al_score_display_settings       [   0.19491] Score is : 769
display  D   display_settings.c:212  debug_display_settings           [   0.19493] color: 32 (rgba 8880), depth: 24, stencil: 0, acc: 0000, samples: 2/1
display  D   display_settings.c:527  _al_score_display_settings       [   0.19496] Score is : 598
display  D   display_settings.c:212  debug_display_settings           [   0.19498] color: 32 (rgba 8880), depth: 24, stencil: 0, acc: 0000, samples: 3/1
display  D   display_settings.c:527  _al_score_display_settings       [   0.19501] Score is : 593
display  D   display_settings.c:212  debug_display_settings           [   0.19503] color: 32 (rgba 8880), depth: 24, stencil: 0, acc: 0000, samples: 4/1
display  D   display_settings.c:527  _al_score_display_settings       [   0.19506] Score is : 589
display  D   display_settings.c:212  debug_display_settings           [   0.19508] color: 32 (rgba 8880), depth: 16, stencil: 0, acc: 0000, samples: 0/0
display  D   display_settings.c:527  _al_score_display_settings       [   0.19510] Score is : 769
display  D   display_settings.c:212  debug_display_settings           [   0.19512] color: 32 (rgba 8880), depth: 16, stencil: 0, acc: 0000, samples: 0/0
display  D   display_settings.c:527  _al_score_display_settings       [   0.19514] Score is : 769
display  D   display_settings.c:212  debug_display_settings           [   0.19516] color: 32 (rgba 8880), depth: 16, stencil: 0, acc: 0000, samples: 2/1
display  D   display_settings.c:527  _al_score_display_settings       [   0.19519] Score is : 598
display  D   display_settings.c:212  debug_display_settings           [   0.19521] color: 32 (rgba 8880), depth: 16, stencil: 0, acc: 0000, samples: 3/1
display  D   display_settings.c:527  _al_score_display_settings       [   0.19523] Score is : 593
display  D   display_settings.c:212  debug_display_settings           [   0.19525] color: 32 (rgba 8880), depth: 16, stencil: 0, acc: 0000, samples: 4/1
display  D   display_settings.c:527  _al_score_display_settings       [   0.19527] Score is : 589
display  D   display_settings.c:212  debug_display_settings           [   0.19529] color: 16 (rgba 5650), depth: 0, stencil: 0, acc: 0000, samples: 0/0
display  D   display_settings.c:527  _al_score_display_settings       [   0.19531] Score is : 769
display  D   display_settings.c:212  debug_display_settings           [   0.19533] color: 16 (rgba 5650), depth: 0, stencil: 0, acc: 0000, samples: 0/0
display  D   display_settings.c:527  _al_score_display_settings       [   0.19536] Score is : 769
display  D   display_settings.c:212  debug_display_settings           [   0.19538] color: 16 (rgba 5650), depth: 0, stencil: 0, acc: 0000, samples: 2/1
display  D   display_settings.c:527  _al_score_display_settings       [   0.19540] Score is : 598
display  D   display_settings.c:212  debug_display_settings           [   0.19542] color: 16 (rgba 5650), depth: 0, stencil: 0, acc: 0000, samples: 3/1
display  D   display_settings.c:527  _al_score_display_settings       [   0.19544] Score is : 593
display  D   display_settings.c:212  debug_display_settings           [   0.19546] color: 16 (rgba 5650), depth: 0, stencil: 0, acc: 0000, samples: 4/1
display  D   display_settings.c:527  _al_score_display_settings       [   0.19549] Score is : 589
display  D   display_settings.c:212  debug_display_settings           [   0.19551] color: 16 (rgba 5650), depth: 24, stencil: 8, acc: 0000, samples: 0/0
display  D   display_settings.c:527  _al_score_display_settings       [   0.19553] Score is : 769
display  D   display_settings.c:212  debug_display_settings           [   0.19555] color: 16 (rgba 5650), depth: 24, stencil: 8, acc: 0000, samples: 0/0
display  D   display_settings.c:527  _al_score_display_settings       [   0.19557] Score is : 769
display  D   display_settings.c:212  debug_display_settings           [   0.19559] color: 16 (rgba 5650), depth: 24, stencil: 8, acc: 0000, samples: 2/1
display  D   display_settings.c:527  _al_score_display_settings       [   0.19561] Score is : 598
display  D   display_settings.c:212  debug_display_settings           [   0.19564] color: 16 (rgba 5650), depth: 24, stencil: 8, acc: 0000, samples: 3/1
display  D   display_settings.c:527  _al_score_display_settings       [   0.19566] Score is : 593
display  D   display_settings.c:212  debug_display_settings           [   0.19568] color: 16 (rgba 5650), depth: 24, stencil: 8, acc: 0000, samples: 4/1
display  D   display_settings.c:527  _al_score_display_settings       [   0.19570] Score is : 589
display  D   display_settings.c:212  debug_display_settings           [   0.19572] color: 16 (rgba 5650), depth: 24, stencil: 0, acc: 0000, samples: 0/0
display  D   display_settings.c:527  _al_score_display_settings       [   0.19574] Score is : 769
display  D   display_settings.c:212  debug_display_settings           [   0.19576] color: 16 (rgba 5650), depth: 24, stencil: 0, acc: 0000, samples: 0/0
display  D   display_settings.c:527  _al_score_display_settings       [   0.19579] Score is : 769
display  D   display_settings.c:212  debug_display_settings           [   0.19581] color: 16 (rgba 5650), depth: 24, stencil: 0, acc: 0000, samples: 2/1
display  D   display_settings.c:527  _al_score_display_settings       [   0.19583] Score is : 598
display  D   display_settings.c:212  debug_display_settings           [   0.19585] color: 16 (rgba 5650), depth: 24, stencil: 0, acc: 0000, samples: 3/1
display  D   display_settings.c:527  _al_score_display_settings       [   0.19587] Score is : 593
display  D   display_settings.c:212  debug_display_settings           [   0.19589] color: 16 (rgba 5650), depth: 24, stencil: 0, acc: 0000, samples: 4/1
display  D   display_settings.c:527  _al_score_display_settings       [   0.19591] Score is : 589
display  D   display_settings.c:212  debug_display_settings           [   0.19594] color: 16 (rgba 5650), depth: 16, stencil: 0, acc: 0000, samples: 0/0
display  D   display_settings.c:527  _al_score_display_settings       [   0.19596] Score is : 769
display  D   display_settings.c:212  debug_display_settings           [   0.19598] color: 16 (rgba 5650), depth: 16, stencil: 0, acc: 0000, samples: 0/0
display  D   display_settings.c:527  _al_score_display_settings       [   0.19600] Score is : 769
display  D   display_settings.c:212  debug_display_settings           [   0.19602] color: 16 (rgba 5650), depth: 16, stencil: 0, acc: 0000, samples: 2/1
display  D   display_settings.c:527  _al_score_display_settings       [   0.19604] Score is : 598
display  D   display_settings.c:212  debug_display_settings           [   0.19606] color: 16 (rgba 5650), depth: 16, stencil: 0, acc: 0000, samples: 3/1
display  D   display_settings.c:527  _al_score_display_settings       [   0.19610] Score is : 593
display  D   display_settings.c:212  debug_display_settings           [   0.19613] color: 16 (rgba 5650), depth: 16, stencil: 0, acc: 0000, samples: 4/1
display  D   display_settings.c:527  _al_score_display_settings       [   0.19615] Score is : 589
display  D   display_settings.c:212  debug_display_settings           [   0.19617] color: 32 (rgba 8880), depth: 0, stencil: 0, acc: 0000, samples: 0/0
display  D   display_settings.c:398  _al_score_display_settings       [   0.19619] Single Buffer requirement not met.
display  D   display_settings.c:212  debug_display_settings           [   0.19622] color: 32 (rgba 8880), depth: 0, stencil: 0, acc: 0000, samples: 0/0
display  D   display_settings.c:398  _al_score_display_settings       [   0.19624] Single Buffer requirement not met.
display  D   display_settings.c:212  debug_display_settings           [   0.19626] color: 32 (rgba 8880), depth: 0, stencil: 0, acc: 0000, samples: 2/1
display  D   display_settings.c:398  _al_score_display_settings       [   0.19628] Single Buffer requirement not met.
display  D   display_settings.c:212  debug_display_settings           [   0.19630] color: 32 (rgba 8880), depth: 0, stencil: 0, acc: 0000, samples: 3/1
display  D   display_settings.c:398  _al_score_display_settings       [   0.19632] Single Buffer requirement not met.
display  D   display_settings.c:212  debug_display_settings           [   0.19634] color: 32 (rgba 8880), depth: 0, stencil: 0, acc: 0000, samples: 4/1
display  D   display_settings.c:398  _al_score_display_settings       [   0.19637] Single Buffer requirement not met.
display  D   display_settings.c:212  debug_display_settings           [   0.19639] color: 32 (rgba 8880), depth: 24, stencil: 8, acc: 0000, samples: 0/0
display  D   display_settings.c:398  _al_score_display_settings       [   0.19641] Single Buffer requirement not met.
display  D   display_settings.c:212  debug_display_settings           [   0.19643] color: 32 (rgba 8880), depth: 24, stencil: 8, acc: 0000, samples: 0/0
display  D   display_settings.c:398  _al_score_display_settings       [   0.19645] Single Buffer requirement not met.
display  D   display_settings.c:212  debug_display_settings           [   0.19647] color: 32 (rgba 8880), depth: 24, stencil: 8, acc: 0000, samples: 2/1
display  D   display_settings.c:398  _al_score_display_settings       [   0.19650] Single Buffer requirement not met.
display  D   display_settings.c:212  debug_display_settings           [   0.19652] color: 32 (rgba 8880), depth: 24, stencil: 8, acc: 0000, samples: 3/1
display  D   display_settings.c:398  _al_score_display_settings       [   0.19654] Single Buffer requirement not met.
display  D   display_settings.c:212  debug_display_settings           [   0.19656] color: 32 (rgba 8880), depth: 24, stencil: 8, acc: 0000, samples: 4/1
display  D   display_settings.c:398  _al_score_display_settings       [   0.19658] Single Buffer requirement not met.
display  D   display_settings.c:212  debug_display_settings           [   0.19660] color: 32 (rgba 8880), depth: 24, stencil: 0, acc: 0000, samples: 0/0
display  D   display_settings.c:398  _al_score_display_settings       [   0.19663] Single Buffer requirement not met.
display  D   display_settings.c:212  debug_display_settings           [   0.19665] color: 32 (rgba 8880), depth: 24, stencil: 0, acc: 0000, samples: 0/0
display  D   display_settings.c:398  _al_score_display_settings       [   0.19667] Single Buffer requirement not met.
display  D   display_settings.c:212  debug_display_settings           [   0.19669] color: 32 (rgba 8880), depth: 24, stencil: 0, acc: 0000, samples: 2/1
display  D   display_settings.c:398  _al_score_display_settings       [   0.19671] Single Buffer requirement not met.
display  D   display_settings.c:212  debug_display_settings           [   0.19673] color: 32 (rgba 8880), depth: 24, stencil: 0, acc: 0000, samples: 3/1
display  D   display_settings.c:398  _al_score_display_settings       [   0.19676] Single Buffer requirement not met.
display  D   display_settings.c:212  debug_display_settings           [   0.19678] color: 32 (rgba 8880), depth: 24, stencil: 0, acc: 0000, samples: 4/1
display  D   display_settings.c:398  _al_score_display_settings       [   0.19680] Single Buffer requirement not met.
display  D   display_settings.c:212  debug_display_settings           [   0.19682] color: 32 (rgba 8880), depth: 16, stencil: 0, acc: 0000, samples: 0/0
display  D   display_settings.c:398  _al_score_display_settings       [   0.19684] Single Buffer requirement not met.
display  D   display_settings.c:212  debug_display_settings           [   0.19689] color: 32 (rgba 8880), depth: 16, stencil: 0, acc: 0000, samples: 0/0
display  D   display_settings.c:398  _al_score_display_settings       [   0.19694] Single Buffer requirement not met.
display  D   display_settings.c:212  debug_display_settings           [   0.19698] color: 32 (rgba 8880), depth: 16, stencil: 0, acc: 0000, samples: 2/1
display  D   display_settings.c:398  _al_score_display_settings       [   0.19704] Single Buffer requirement not met.
display  D   display_settings.c:212  debug_display_settings           [   0.19710] color: 32 (rgba 8880), depth: 16, stencil: 0, acc: 0000, samples: 3/1
display  D   display_settings.c:398  _al_score_display_settings       [   0.19718] Single Buffer requirement not met.
display  D   display_settings.c:212  debug_display_settings           [   0.19722] color: 32 (rgba 8880), depth: 16, stencil: 0, acc: 0000, samples: 4/1
display  D   display_settings.c:398  _al_score_display_settings       [   0.19727] Single Buffer requirement not met.
display  D   display_settings.c:212  debug_display_settings           [   0.19731] color: 16 (rgba 5650), depth: 0, stencil: 0, acc: 0000, samples: 0/0
display  D   display_settings.c:398  _al_score_display_settings       [   0.19736] Single Buffer requirement not met.
display  D   display_settings.c:212  debug_display_settings           [   0.19740] color: 16 (rgba 5650), depth: 0, stencil: 0, acc: 0000, samples: 0/0
display  D   display_settings.c:398  _al_score_display_settings       [   0.19744] Single Buffer requirement not met.
display  D   display_settings.c:212  debug_display_settings           [   0.19747] color: 16 (rgba 5650), depth: 0, stencil: 0, acc: 0000, samples: 2/1
display  D   display_settings.c:398  _al_score_display_settings       [   0.19750] Single Buffer requirement not met.
display  D   display_settings.c:212  debug_display_settings           [   0.19754] color: 16 (rgba 5650), depth: 0, stencil: 0, acc: 0000, samples: 3/1
display  D   display_settings.c:398  _al_score_display_settings       [   0.19758] Single Buffer requirement not met.
display  D   display_settings.c:212  debug_display_settings           [   0.19762] color: 16 (rgba 5650), depth: 0, stencil: 0, acc: 0000, samples: 4/1
display  D   display_settings.c:398  _al_score_display_settings       [   0.19765] Single Buffer requirement not met.
display  D   display_settings.c:212  debug_display_settings           [   0.19769] color: 16 (rgba 5650), depth: 24, stencil: 8, acc: 0000, samples: 0/0
display  D   display_settings.c:398  _al_score_display_settings       [   0.19773] Single Buffer requirement not met.
display  D   display_settings.c:212  debug_display_settings           [   0.19777] color: 16 (rgba 5650), depth: 24, stencil: 8, acc: 0000, samples: 0/0
display  D   display_settings.c:398  _al_score_display_settings       [   0.19781] Single Buffer requirement not met.
display  D   display_settings.c:212  debug_display_settings           [   0.19785] color: 16 (rgba 5650), depth: 24, stencil: 8, acc: 0000, samples: 2/1
display  D   display_settings.c:398  _al_score_display_settings       [   0.19789] Single Buffer requirement not met.
display  D   display_settings.c:212  debug_display_settings           [   0.19795] color: 16 (rgba 5650), depth: 24, stencil: 8, acc: 0000, samples: 3/1
display  D   display_settings.c:398  _al_score_display_settings       [   0.19801] Single Buffer requirement not met.
display  D   display_settings.c:212  debug_display_settings           [   0.19805] color: 16 (rgba 5650), depth: 24, stencil: 8, acc: 0000, samples: 4/1
display  D   display_settings.c:398  _al_score_display_settings       [   0.19810] Single Buffer requirement not met.
display  D   display_settings.c:212  debug_display_settings           [   0.19814] color: 16 (rgba 5650), depth: 24, stencil: 0, acc: 0000, samples: 0/0
display  D   display_settings.c:398  _al_score_display_settings       [   0.19818] Single Buffer requirement not met.
display  D   display_settings.c:212  debug_display_settings           [   0.19822] color: 16 (rgba 5650), depth: 24, stencil: 0, acc: 0000, samples: 0/0
display  D   display_settings.c:398  _al_score_display_settings       [   0.19825] Single Buffer requirement not met.
display  D   display_settings.c:212  debug_display_settings           [   0.19829] color: 16 (rgba 5650), depth: 24, stencil: 0, acc: 0000, samples: 2/1
display  D   display_settings.c:398  _al_score_display_settings       [   0.19834] Single Buffer requirement not met.
display  D   display_settings.c:212  debug_display_settings           [   0.19837] color: 16 (rgba 5650), depth: 24, stencil: 0, acc: 0000, samples: 3/1
display  D   display_settings.c:398  _al_score_display_settings       [   0.19842] Single Buffer requirement not met.
display  D   display_settings.c:212  debug_display_settings           [   0.19846] color: 16 (rgba 5650), depth: 24, stencil: 0, acc: 0000, samples: 4/1
display  D   display_settings.c:398  _al_score_display_settings       [   0.19850] Single Buffer requirement not met.
display  D   display_settings.c:212  debug_display_settings           [   0.19854] color: 16 (rgba 5650), depth: 16, stencil: 0, acc: 0000, samples: 0/0
display  D   display_settings.c:398  _al_score_display_settings       [   0.19859] Single Buffer requirement not met.
display  D   display_settings.c:212  debug_display_settings           [   0.19863] color: 16 (rgba 5650), depth: 16, stencil: 0, acc: 0000, samples: 0/0
display  D   display_settings.c:398  _al_score_display_settings       [   0.19867] Single Buffer requirement not met.
display  D   display_settings.c:212  debug_display_settings           [   0.19871] color: 16 (rgba 5650), depth: 16, stencil: 0, acc: 0000, samples: 2/1
display  D   display_settings.c:398  _al_score_display_settings       [   0.19877] Single Buffer requirement not met.
display  D   display_settings.c:212  debug_display_settings           [   0.19881] color: 16 (rgba 5650), depth: 16, stencil: 0, acc: 0000, samples: 3/1
display  D   display_settings.c:398  _al_score_display_settings       [   0.19886] Single Buffer requirement not met.
display  D   display_settings.c:212  debug_display_settings           [   0.19890] color: 16 (rgba 5650), depth: 16, stencil: 0, acc: 0000, samples: 4/1
display  D   display_settings.c:398  _al_score_display_settings       [   0.19893] Single Buffer requirement not met.
d3d      D         d3d_disp.cpp:1682 d3d_create_display_internals     [   0.19899] Trying format 0.
d3d      I         d3d_disp.cpp:1358 d3d_display_thread_proc          [   0.19932] Chose a display format: 23
d3d      I         d3d_disp.cpp:1427 d3d_display_thread_proc          [   0.19937] Normal window.
d3d      I         d3d_disp.cpp:791  d3d_create_device                [   0.22616] Using no depth stencil buffer
d3d      D         d3d_disp.cpp:853  d3d_create_device                [   0.39072] BeginScene succeeded in create_device
d3d      D         d3d_disp.cpp:861  d3d_create_device                [   0.39081] Success
d3d      D         d3d_disp.cpp:1705 d3d_create_display_internals     [   0.39093] Resumed after wait.
d3d      I         d3d_disp.cpp:1738 d3d_create_display_internals     [   0.39102] Format 0 succeeded.
d3d      D         d3d_disp.cpp:1769 d3d_create_display_internals     [   0.39110] Returning d3d_display: 0000000000e0aeb0
d3d      D         d3d_disp.cpp:1794 d3d_create_display_locked        [   0.39115] al_display=0000000000e0aeb0
d3d      D         d3d_disp.cpp:1795 d3d_create_display_locked        [   0.39119] al_display->vt=0000000000e08950
system   D            wsystem.c:874  _al_win_safe_load_library        [   0.39182] PathFindOnPath found: C:\WINDOWS\system32\d3dx9_43.dll
system   D            wsystem.c:780  load_library_at_path             [   0.39187] Calling LoadLibrary C:\WINDOWS\system32\d3dx9_43.dll
system   I            wsystem.c:783  load_library_at_path             [   0.39260] Loaded C:\WINDOWS\system32\d3dx9_43.dll
d3dx9    I        d3d_d3dx9.cpp:88   _imp_load_d3dx9_module_version   [   0.39265] Module "d3dx9_43.dll" loaded.
dtor     D               dtor.c:196  _al_register_destructor          [   0.39272] added dtor for queue 0000000002696580, func 00007ffb3206c5dc
dtor     D               dtor.c:196  _al_register_destructor          [   0.39430] added dtor for timer 0000000002697e30, func 00007ffb3207fb3b
stdio    D         file_stdio.c:110  file_stdio_fopen                 [   0.39436] opening ./image/character01/char01_move1.png rb
stdio    D         file_stdio.c:110  file_stdio_fopen                 [   0.39459] opening ./image/character01/char01_move1.png rb
d3d      D         d3d_disp.cpp:1202 real_choose_bitmap_format        [   0.39485] Fake format
d3d      D         d3d_disp.cpp:1202 real_choose_bitmap_format        [   0.39488] Fake format
d3d      D         d3d_disp.cpp:1202 real_choose_bitmap_format        [   0.39491] Fake format
d3d      D         d3d_disp.cpp:1202 real_choose_bitmap_format        [   0.39493] Fake format
d3d      D         d3d_disp.cpp:1202 real_choose_bitmap_format        [   0.39496] Fake format
d3d      D         d3d_disp.cpp:1202 real_choose_bitmap_format        [   0.39498] Fake format
d3d      D         d3d_disp.cpp:1202 real_choose_bitmap_format        [   0.39500] Fake format
d3d      D         d3d_disp.cpp:1202 real_choose_bitmap_format        [   0.39503] Fake format
d3d      D         d3d_disp.cpp:1202 real_choose_bitmap_format        [   0.39505] Fake format
d3d      D         d3d_disp.cpp:1210 real_choose_bitmap_format        [   0.39508] Alpha doesn't match
d3d      D         d3d_disp.cpp:1217 real_choose_bitmap_format        [   0.39513] Adapter format is 23
d3d      D         d3d_disp.cpp:1220 real_choose_bitmap_format        [   0.39515] Found a format
d3d      I         d3d_disp.cpp:2391 d3d_create_bitmap                [   0.39518] Chose bitmap format 9
dtor     D               dtor.c:196  _al_register_destructor          [   0.39586] added dtor for bitmap 000000000269b4b0, func 00007ffb32041bea
d3d      D         d3d_disp.cpp:1202 real_choose_bitmap_format        [   0.39669] Fake format
d3d      D         d3d_disp.cpp:1202 real_choose_bitmap_format        [   0.39674] Fake format
d3d      D         d3d_disp.cpp:1202 real_choose_bitmap_format        [   0.39677] Fake format
d3d      D         d3d_disp.cpp:1202 real_choose_bitmap_format        [   0.39679] Fake format
d3d      D         d3d_disp.cpp:1202 real_choose_bitmap_format        [   0.39681] Fake format
d3d      D         d3d_disp.cpp:1202 real_choose_bitmap_format        [   0.39684] Fake format
d3d      D         d3d_disp.cpp:1202 real_choose_bitmap_format        [   0.39686] Fake format
d3d      D         d3d_disp.cpp:1202 real_choose_bitmap_format        [   0.39689] Fake format
d3d      D         d3d_disp.cpp:1202 real_choose_bitmap_format        [   0.39692] Fake format
d3d      D         d3d_disp.cpp:1210 real_choose_bitmap_format        [   0.39694] Alpha doesn't match
d3d      D         d3d_disp.cpp:1217 real_choose_bitmap_format        [   0.39697] Adapter format is 23
d3d      D         d3d_disp.cpp:1220 real_choose_bitmap_format        [   0.39699] Found a format
d3d      I         d3d_disp.cpp:2391 d3d_create_bitmap                [   0.39702] Chose bitmap format 9
dtor     D               dtor.c:196  _al_register_destructor          [   0.39736] added dtor for bitmap 0000000002697ee0, func 00007ffb32041bea
d3d      D          d3d_bmp.cpp:539  _al_d3d_sync_bitmap              [   0.40276] _al_d3d_sync_bitmap (system) ref count == 1
d3d      D          d3d_bmp.cpp:545  _al_d3d_sync_bitmap              [   0.40287] _al_d3d_sync_bitmap (video) ref count == 1
dtor     D               dtor.c:227  _al_unregister_destructor        [   0.40974] removed dtor for bitmap 0000000002697ee0
d3d      D         d3d_disp.cpp:1202 real_choose_bitmap_format        [   0.41145] Fake format
d3d      D         d3d_disp.cpp:1202 real_choose_bitmap_format        [   0.41154] Fake format
d3d      D         d3d_disp.cpp:1202 real_choose_bitmap_format        [   0.41158] Fake format
d3d      D         d3d_disp.cpp:1202 real_choose_bitmap_format        [   0.41165] Fake format
d3d      D         d3d_disp.cpp:1202 real_choose_bitmap_format        [   0.41168] Fake format
d3d      D         d3d_disp.cpp:1202 real_choose_bitmap_format        [   0.41172] Fake format
d3d      D         d3d_disp.cpp:1202 real_choose_bitmap_format        [   0.41175] Fake format
d3d      D         d3d_disp.cpp:1202 real_choose_bitmap_format        [   0.41178] Fake format
d3d      D         d3d_disp.cpp:1202 real_choose_bitmap_format        [   0.41182] Fake format
d3d      D         d3d_disp.cpp:1210 real_choose_bitmap_format        [   0.41185] Alpha doesn't match
d3d      D         d3d_disp.cpp:1217 real_choose_bitmap_format        [   0.41188] Adapter format is 23
d3d      D         d3d_disp.cpp:1220 real_choose_bitmap_format        [   0.41192] Found a format
d3d      I         d3d_disp.cpp:2391 d3d_create_bitmap                [   0.41196] Chose bitmap format 9
dtor     D               dtor.c:196  _al_register_destructor          [   0.41260] added dtor for bitmap 0000000002699530, func 00007ffb32041bea
d3d      D          d3d_bmp.cpp:539  _al_d3d_sync_bitmap              [   0.42882] _al_d3d_sync_bitmap (system) ref count == 1
d3d      D          d3d_bmp.cpp:545  _al_d3d_sync_bitmap              [   0.42890] _al_d3d_sync_bitmap (video) ref count == 1
dtor     D               dtor.c:227  _al_unregister_destructor        [   0.43684] removed dtor for bitmap 0000000002699530
audio-dsound D           dsound.cpp:311  _dsound_allocate_voice           [   0.43782] Allocating voice
audio-dsound D           dsound.cpp:370  _dsound_allocate_voice           [   0.43790] Allocated voice
dtor     D               dtor.c:196  _al_register_destructor          [   0.43798] added dtor for voice 0000000002694220, func 00007ffb32175024
dtor     D               dtor.c:196  _al_register_destructor          [   0.43804] added dtor for mixer 0000000002698eb0, func 00007ffb321704dc
audio-dsound D           dsound.cpp:466  _dsound_start_voice              [   0.43808] Starting voice
audio-dsound D           dsound.cpp:494  _dsound_start_voice              [   0.43813] CreateSoundBuffer
audio-dsound D           dsound.cpp:502  _dsound_start_voice              [   0.44022] CreateSoundBuffer succeeded
audio-dsound D           dsound.cpp:508  _dsound_start_voice              [   0.44027] Starting _dsound_update thread
audio-dsound I           dsound.cpp:518  _dsound_start_voice              [   0.44041] Voice started
dtor     D               dtor.c:196  _al_register_destructor          [   0.44048] added dtor for sample_instance 0000000002699010, func 00007ffb3216929b
audio    D          kcm_mixer.c:121  _al_rechannel_matrix             [   0.44055] sample matrix:
audio    D          kcm_mixer.c:127  _al_rechannel_matrix             [   0.44059] 
audio    D          kcm_mixer.c:127  _al_rechannel_matrix             [   0.44064] 
dtor     D               dtor.c:196  _al_register_destructor          [   0.44068] added dtor for sample_instance 0000000002699af0, func 00007ffb3216929b
audio    D          kcm_mixer.c:121  _al_rechannel_matrix             [   0.44073] sample matrix:
audio    D          kcm_mixer.c:127  _al_rechannel_matrix             [   0.44075] 
audio    D          kcm_mixer.c:127  _al_rechannel_matrix             [   0.44079] 
dtor     D               dtor.c:196  _al_register_destructor          [   0.44084] added dtor for sample_instance 0000000002699530, func 00007ffb3216929b
audio    D          kcm_mixer.c:121  _al_rechannel_matrix             [   0.44087] sample matrix:
audio    D          kcm_mixer.c:127  _al_rechannel_matrix             [   0.44092] 
audio    D          kcm_mixer.c:127  _al_rechannel_matrix             [   0.44094] 
dtor     D               dtor.c:196  _al_register_destructor          [   0.44099] added dtor for sample_instance 0000000002699650, func 00007ffb3216929b
audio    D          kcm_mixer.c:121  _al_rechannel_matrix             [   0.44123] sample matrix:
audio    D          kcm_mixer.c:127  _al_rechannel_matrix             [   0.44129] 
audio    D          kcm_mixer.c:127  _al_rechannel_matrix             [   0.44134] 
dtor     D               dtor.c:196  _al_register_destructor          [   0.44137] added dtor for sample_instance 0000000002699c10, func 00007ffb3216929b
audio    D          kcm_mixer.c:121  _al_rechannel_matrix             [   0.44142] sample matrix:
audio    D          kcm_mixer.c:127  _al_rechannel_matrix             [   0.44145] 
audio    D          kcm_mixer.c:127  _al_rechannel_matrix             [   0.44148] 
dtor     D               dtor.c:196  _al_register_destructor          [   0.44154] added dtor for sample_instance 0000000002699d30, func 00007ffb3216929b
audio    D          kcm_mixer.c:121  _al_rechannel_matrix             [   0.44157] sample matrix:
audio    D          kcm_mixer.c:127  _al_rechannel_matrix             [   0.44164] 
audio    D          kcm_mixer.c:127  _al_rechannel_matrix             [   0.44168] 
dtor     D               dtor.c:196  _al_register_destructor          [   0.44174] added dtor for sample_instance 0000000002699e50, func 00007ffb3216929b
audio    D          kcm_mixer.c:121  _al_rechannel_matrix             [   0.44178] sample matrix:
audio    D          kcm_mixer.c:127  _al_rechannel_matrix             [   0.44185] 
audio    D          kcm_mixer.c:127  _al_rechannel_matrix             [   0.44188] 
dtor     D               dtor.c:196  _al_register_destructor          [   0.44192] added dtor for sample_instance 0000000002699f70, func 00007ffb3216929b
audio    D          kcm_mixer.c:121  _al_rechannel_matrix             [   0.44197] sample matrix:
audio    D          kcm_mixer.c:127  _al_rechannel_matrix             [   0.44199] 
audio    D          kcm_mixer.c:127  _al_rechannel_matrix             [   0.44206] 
dtor     D               dtor.c:196  _al_register_destructor          [   0.44208] added dtor for sample_instance 000000000269a1a0, func 00007ffb3216929b
audio    D          kcm_mixer.c:121  _al_rechannel_matrix             [   0.44215] sample matrix:
audio    D          kcm_mixer.c:127  _al_rechannel_matrix             [   0.44217] 
audio    D          kcm_mixer.c:127  _al_rechannel_matrix             [   0.44222] 
dtor     D               dtor.c:196  _al_register_destructor          [   0.44226] added dtor for sample_instance 000000000269a2c0, func 00007ffb3216929b
audio    D          kcm_mixer.c:121  _al_rechannel_matrix             [   0.44232] sample matrix:
audio    D          kcm_mixer.c:127  _al_rechannel_matrix             [   0.44234] 
audio    D          kcm_mixer.c:127  _al_rechannel_matrix             [   0.44236] 
dtor     D               dtor.c:196  _al_register_destructor          [   0.44238] added dtor for sample_instance 000000000269a3e0, func 00007ffb3216929b
audio    D          kcm_mixer.c:121  _al_rechannel_matrix             [   0.44240] sample matrix:
audio    D          kcm_mixer.c:127  _al_rechannel_matrix             [   0.44242] 
audio    D          kcm_mixer.c:127  _al_rechannel_matrix             [   0.44244] 
dtor     D               dtor.c:196  _al_register_destructor          [   0.44247] added dtor for sample_instance 00000000026ae100, func 00007ffb3216929b
audio    D          kcm_mixer.c:121  _al_rechannel_matrix             [   0.44249] sample matrix:
audio    D          kcm_mixer.c:127  _al_rechannel_matrix             [   0.44251] 
audio    D          kcm_mixer.c:127  _al_rechannel_matrix             [   0.44254] 
dtor     D               dtor.c:196  _al_register_destructor          [   0.44256] added dtor for sample_instance 00000000026ae340, func 00007ffb3216929b
audio    D          kcm_mixer.c:121  _al_rechannel_matrix             [   0.44258] sample matrix:
audio    D          kcm_mixer.c:127  _al_rechannel_matrix             [   0.44260] 
audio    D          kcm_mixer.c:127  _al_rechannel_matrix             [   0.44262] 
dtor     D               dtor.c:196  _al_register_destructor          [   0.44264] added dtor for sample_instance 00000000026ae7c0, func 00007ffb3216929b
audio    D          kcm_mixer.c:121  _al_rechannel_matrix             [   0.44267] sample matrix:
audio    D          kcm_mixer.c:127  _al_rechannel_matrix             [   0.44269] 
audio    D          kcm_mixer.c:127  _al_rechannel_matrix             [   0.44271] 
dtor     D               dtor.c:196  _al_register_destructor          [   0.44273] added dtor for sample_instance 00000000026ae8e0, func 00007ffb3216929b
audio    D          kcm_mixer.c:121  _al_rechannel_matrix             [   0.44275] sample matrix:
audio    D          kcm_mixer.c:127  _al_rechannel_matrix             [   0.44277] 
audio    D          kcm_mixer.c:127  _al_rechannel_matrix             [   0.44279] 
dtor     D               dtor.c:196  _al_register_destructor          [   0.44281] added dtor for sample_instance 00000000026aec40, func 00007ffb3216929b
audio    D          kcm_mixer.c:121  _al_rechannel_matrix             [   0.44283] sample matrix:
audio    D          kcm_mixer.c:127  _al_rechannel_matrix             [   0.44285] 
audio    D          kcm_mixer.c:127  _al_rechannel_matrix             [   0.44287] 
dtor     D               dtor.c:196  _al_register_destructor          [   0.44289] added dtor for sample_instance 00000000026ae6a0, func 00007ffb3216929b
audio    D          kcm_mixer.c:121  _al_rechannel_matrix             [   0.44292] sample matrix:
audio    D          kcm_mixer.c:127  _al_rechannel_matrix             [   0.44294] 
audio    D          kcm_mixer.c:127  _al_rechannel_matrix             [   0.44296] 
dtor     D               dtor.c:196  _al_register_destructor          [   0.44298] added dtor for sample_instance 00000000026ae580, func 00007ffb3216929b
audio    D          kcm_mixer.c:121  _al_rechannel_matrix             [   0.44300] sample matrix:
audio    D          kcm_mixer.c:127  _al_rechannel_matrix             [   0.44302] 
audio    D          kcm_mixer.c:127  _al_rechannel_matrix             [   0.44304] 
dtor     D               dtor.c:196  _al_register_destructor          [   0.44306] added dtor for sample_instance 00000000026aea00, func 00007ffb3216929b
audio    D          kcm_mixer.c:121  _al_rechannel_matrix             [   0.44309] sample matrix:
audio    D          kcm_mixer.c:127  _al_rechannel_matrix             [   0.44311] 
audio    D          kcm_mixer.c:127  _al_rechannel_matrix             [   0.44313] 
dtor     D               dtor.c:196  _al_register_destructor          [   0.44315] added dtor for sample_instance 00000000026aeb20, func 00007ffb3216929b
audio    D          kcm_mixer.c:121  _al_rechannel_matrix             [   0.44317] sample matrix:
audio    D          kcm_mixer.c:127  _al_rechannel_matrix             [   0.44319] 
audio    D          kcm_mixer.c:127  _al_rechannel_matrix             [   0.44321] 
font     W               font.c:368  al_init_font_addon               [   0.44331] Font addon already initialised.
font     W                ttf.c:1108 al_init_ttf_addon                [   0.44337] TTF addon already initialised.
stdio    D         file_stdio.c:110  file_stdio_fopen                 [   0.44342] opening ./image/scene/menu.png rb
stdio    D         file_stdio.c:110  file_stdio_fopen                 [   0.44364] opening ./image/scene/menu.png rb
d3d      D         d3d_disp.cpp:1202 real_choose_bitmap_format        [   0.44381] Fake format
d3d      D         d3d_disp.cpp:1202 real_choose_bitmap_format        [   0.44383] Fake format
d3d      D         d3d_disp.cpp:1202 real_choose_bitmap_format        [   0.44386] Fake format
d3d      D         d3d_disp.cpp:1202 real_choose_bitmap_format        [   0.44388] Fake format
d3d      D         d3d_disp.cpp:1202 real_choose_bitmap_format        [   0.44390] Fake format
d3d      D         d3d_disp.cpp:1202 real_choose_bitmap_format        [   0.44392] Fake format
d3d      D         d3d_disp.cpp:1202 real_choose_bitmap_format        [   0.44394] Fake format
d3d      D         d3d_disp.cpp:1202 real_choose_bitmap_format        [   0.44396] Fake format
d3d      D         d3d_disp.cpp:1202 real_choose_bitmap_format        [   0.44398] Fake format
d3d      D         d3d_disp.cpp:1210 real_choose_bitmap_format        [   0.44400] Alpha doesn't match
d3d      D         d3d_disp.cpp:1217 real_choose_bitmap_format        [   0.44402] Adapter format is 23
d3d      D         d3d_disp.cpp:1220 real_choose_bitmap_format        [   0.44404] Found a format
d3d      I         d3d_disp.cpp:2391 d3d_create_bitmap                [   0.44406] Chose bitmap format 9
dtor     D               dtor.c:196  _al_register_destructor          [   0.44471] added dtor for bitmap 00000000026b4cb0, func 00007ffb32041bea
stdio    D         file_stdio.c:110  file_stdio_fopen                 [   0.52060] opening ./font/MushroomKidsDemoRegular.ttf rb
font     D                ttf.c:943  al_load_ttf_font_stretch_f       [   0.52103] Font ./font/MushroomKidsDemoRegular.ttf loaded with pixel size 0 x 30.
font     D                ttf.c:945  al_load_ttf_font_stretch_f       [   0.52109]     ascent=21.0, descent=-7.0, height=28.0
dtor     D               dtor.c:196  _al_register_destructor          [   0.52117] added dtor for ttf_font 0000000002693090, func 00007ffb32164c05
stdio    D         file_stdio.c:110  file_stdio_fopen                 [   0.52120] opening ./font/MushroomKidsDemoRegular.ttf rb
font     D                ttf.c:943  al_load_ttf_font_stretch_f       [   0.52144] Font ./font/MushroomKidsDemoRegular.ttf loaded with pixel size 0 x 30.
font     D                ttf.c:945  al_load_ttf_font_stretch_f       [   0.52147]     ascent=21.0, descent=-7.0, height=28.0
dtor     D               dtor.c:196  _al_register_destructor          [   0.52153] added dtor for ttf_font 00000000026b23f0, func 00007ffb32164c05
stdio    D         file_stdio.c:110  file_stdio_fopen                 [   0.52157] opening ./font/MushroomKidsDemoRegular.ttf rb
font     D                ttf.c:943  al_load_ttf_font_stretch_f       [   0.52180] Font ./font/MushroomKidsDemoRegular.ttf loaded with pixel size 0 x 30.
font     D                ttf.c:945  al_load_ttf_font_stretch_f       [   0.52183]     ascent=21.0, descent=-7.0, height=28.0
dtor     D               dtor.c:196  _al_register_destructor          [   0.52185] added dtor for ttf_font 00000000026b1eb0, func 00007ffb32164c05
stdio    D         file_stdio.c:110  file_stdio_fopen                 [   0.52190] opening ./sound/menu_music.wav rb
wav      I                wav.c:124  wav_open                         [   0.52202] Ignoring chunk: LIST
wav      E                wav.c:121  wav_open                         [   0.52208] Bad RIFF type.
dtor     D               dtor.c:196  _al_register_destructor          [   0.52213] added dtor for sample 00000000026b2450, func 00007ffb32171a1d
dtor     D               dtor.c:196  _al_register_destructor          [   0.52467] added dtor for sample_instance 00000000026ae220, func 00007ffb3216929b
audio-dsound D           dsound.cpp:528  _dsound_stop_voice               [   0.52474] Stopping voice
audio-dsound D           dsound.cpp:545  _dsound_stop_voice               [   0.52480] Joining thread
audio-dsound D           dsound.cpp:551  _dsound_stop_voice               [   0.56938] Joined thread
audio-dsound D           dsound.cpp:553  _dsound_stop_voice               [   0.56944] Destroying thread
audio-dsound D           dsound.cpp:555  _dsound_stop_voice               [   0.56951] Thread destroyed
audio-dsound D           dsound.cpp:562  _dsound_stop_voice               [   0.56954] Releasing buffer
audio-dsound I           dsound.cpp:566  _dsound_stop_voice               [   0.56957] Voice stopped
audio-dsound D           dsound.cpp:466  _dsound_start_voice              [   0.56959] Starting voice
audio-dsound D           dsound.cpp:494  _dsound_start_voice              [   0.56961] CreateSoundBuffer
audio-dsound D           dsound.cpp:502  _dsound_start_voice              [   0.56971] CreateSoundBuffer succeeded
audio-dsound D           dsound.cpp:508  _dsound_start_voice              [   0.56974] Starting _dsound_update thread
audio-dsound I           dsound.cpp:518  _dsound_start_voice              [   0.56983] Voice started
audio    D          kcm_mixer.c:121  _al_rechannel_matrix             [   0.56986] sample matrix:
audio    D          kcm_mixer.c:127  _al_rechannel_matrix             [   0.56991]  0.707107 0.000000
audio    D          kcm_mixer.c:127  _al_rechannel_matrix             [   0.56995]  0.000000 0.707107
d3d      D         d3d_disp.cpp:1202 real_choose_bitmap_format        [   0.57085] Fake format
d3d      D         d3d_disp.cpp:1202 real_choose_bitmap_format        [   0.57089] Fake format
d3d      D         d3d_disp.cpp:1202 real_choose_bitmap_format        [   0.57091] Fake format
d3d      D         d3d_disp.cpp:1202 real_choose_bitmap_format        [   0.57093] Fake format
d3d      D         d3d_disp.cpp:1202 real_choose_bitmap_format        [   0.57095] Fake format
d3d      D         d3d_disp.cpp:1202 real_choose_bitmap_format        [   0.57097] Fake format
d3d      D         d3d_disp.cpp:1202 real_choose_bitmap_format        [   0.57099] Fake format
d3d      D         d3d_disp.cpp:1202 real_choose_bitmap_format        [   0.57101] Fake format
d3d      D         d3d_disp.cpp:1202 real_choose_bitmap_format        [   0.57103] Fake format
d3d      D         d3d_disp.cpp:1210 real_choose_bitmap_format        [   0.57105] Alpha doesn't match
d3d      D         d3d_disp.cpp:1217 real_choose_bitmap_format        [   0.57107] Adapter format is 23
d3d      D         d3d_disp.cpp:1220 real_choose_bitmap_format        [   0.57109] Found a format
d3d      I         d3d_disp.cpp:2391 d3d_create_bitmap                [   0.57112] Chose bitmap format 9
font     D                ttf.c:243  alloc_glyph_region               [   0.57525] Glyph 85: 17x27 (20x28)
font     D                ttf.c:287  alloc_glyph_region               [   0.57530] Locking glyph region: 00000000026a5ba0 0 0 20 28
font     D                ttf.c:167  unlock_current_page              [   0.57684] Unlocking page: 00000000026a5ba0
font     D                ttf.c:243  alloc_glyph_region               [   0.57694] Glyph 87: 15x23 (16x24)
font     D                ttf.c:287  alloc_glyph_region               [   0.57697] Locking glyph region: 00000000026a5ba0 20 0 16 24
font     D                ttf.c:167  unlock_current_page              [   0.57706] Unlocking page: 00000000026a5ba0
font     D                ttf.c:243  alloc_glyph_region               [   0.57713] Glyph 74: 15x21 (16x24)
font     D                ttf.c:287  alloc_glyph_region               [   0.57716] Locking glyph region: 00000000026a5ba0 36 0 16 24
font     D                ttf.c:167  unlock_current_page              [   0.57726] Unlocking page: 00000000026a5ba0
font     D                ttf.c:243  alloc_glyph_region               [   0.57732] Glyph 88: 12x23 (12x24)
font     D                ttf.c:287  alloc_glyph_region               [   0.57734] Locking glyph region: 00000000026a5ba0 52 0 12 24
font     D                ttf.c:167  unlock_current_page              [   0.57744] Unlocking page: 00000000026a5ba0
font     D                ttf.c:446  cache_glyph                      [   0.57748] Glyph 5 has zero size.
font     D                ttf.c:243  alloc_glyph_region               [   0.57753] Glyph 42: 16x24 (16x24)
font     D                ttf.c:287  alloc_glyph_region               [   0.57761] Locking glyph region: 00000000026a5ba0 64 0 16 24
font     D                ttf.c:167  unlock_current_page              [   0.57765] Unlocking page: 00000000026a5ba0
font     D                ttf.c:243  alloc_glyph_region               [   0.57771] Glyph 83: 15x23 (16x24)
font     D                ttf.c:287  alloc_glyph_region               [   0.57774] Locking glyph region: 00000000026a5ba0 80 0 16 24
font     D                ttf.c:167  unlock_current_page              [   0.57784] Unlocking page: 00000000026a5ba0
font     D                ttf.c:243  alloc_glyph_region               [   0.57790] Glyph 89: 16x25 (16x28)
font     D                ttf.c:287  alloc_glyph_region               [   0.57793] Locking glyph region: 00000000026a5ba0 96 0 16 28
font     D                ttf.c:167  unlock_current_page              [   0.57802] Unlocking page: 00000000026a5ba0
font     D                ttf.c:243  alloc_glyph_region               [   0.57808] Glyph 84: 16x23 (16x24)
font     D                ttf.c:287  alloc_glyph_region               [   0.57811] Locking glyph region: 00000000026a5ba0 112 0 16 24
font     D                ttf.c:167  unlock_current_page              [   0.57821] Unlocking page: 00000000026a5ba0
font     D                ttf.c:243  alloc_glyph_region               [   0.57827] Glyph 70: 18x22 (20x24)
font     D                ttf.c:287  alloc_glyph_region               [   0.57830] Locking glyph region: 00000000026a5ba0 128 0 20 24
font     D                ttf.c:167  unlock_current_page              [   0.57841] Unlocking page: 00000000026a5ba0
d3d      D         d3d_disp.cpp:1202 real_choose_bitmap_format        [   0.57906] Fake format
d3d      D         d3d_disp.cpp:1202 real_choose_bitmap_format        [   0.57910] Fake format
d3d      D         d3d_disp.cpp:1202 real_choose_bitmap_format        [   0.57912] Fake format
d3d      D         d3d_disp.cpp:1202 real_choose_bitmap_format        [   0.57914] Fake format
d3d      D         d3d_disp.cpp:1202 real_choose_bitmap_format        [   0.57916] Fake format
d3d      D         d3d_disp.cpp:1202 real_choose_bitmap_format        [   0.57918] Fake format
d3d      D         d3d_disp.cpp:1202 real_choose_bitmap_format        [   0.57921] Fake format
d3d      D         d3d_disp.cpp:1202 real_choose_bitmap_format        [   0.57923] Fake format
d3d      D         d3d_disp.cpp:1202 real_choose_bitmap_format        [   0.57925] Fake format
d3d      D         d3d_disp.cpp:1210 real_choose_bitmap_format        [   0.57927] Alpha doesn't match
d3d      D         d3d_disp.cpp:1217 real_choose_bitmap_format        [   0.57929] Adapter format is 23
d3d      D         d3d_disp.cpp:1220 real_choose_bitmap_format        [   0.57931] Found a format
d3d      I         d3d_disp.cpp:2391 d3d_create_bitmap                [   0.57933] Chose bitmap format 9
font     D                ttf.c:243  alloc_glyph_region               [   0.57972] Glyph 85: 17x27 (20x28)
font     D                ttf.c:287  alloc_glyph_region               [   0.57975] Locking glyph region: 000000000273e150 0 0 20 28
font     D                ttf.c:167  unlock_current_page              [   0.58020] Unlocking page: 000000000273e150
font     D                ttf.c:243  alloc_glyph_region               [   0.58027] Glyph 87: 15x23 (16x24)
font     D                ttf.c:287  alloc_glyph_region               [   0.58032] Locking glyph region: 000000000273e150 20 0 16 24
font     D                ttf.c:167  unlock_current_page              [   0.58039] Unlocking page: 000000000273e150
font     D                ttf.c:243  alloc_glyph_region               [   0.58045] Glyph 74: 15x21 (16x24)
font     D                ttf.c:287  alloc_glyph_region               [   0.58048] Locking glyph region: 000000000273e150 36 0 16 24
font     D                ttf.c:167  unlock_current_page              [   0.58056] Unlocking page: 000000000273e150
font     D                ttf.c:243  alloc_glyph_region               [   0.58066] Glyph 88: 12x23 (12x24)
font     D                ttf.c:287  alloc_glyph_region               [   0.58069] Locking glyph region: 000000000273e150 52 0 12 24
font     D                ttf.c:167  unlock_current_page              [   0.58079] Unlocking page: 000000000273e150
font     D                ttf.c:446  cache_glyph                      [   0.58082] Glyph 5 has zero size.
font     D                ttf.c:243  alloc_glyph_region               [   0.58088] Glyph 40: 14x24 (16x24)
font     D                ttf.c:287  alloc_glyph_region               [   0.58092] Locking glyph region: 000000000273e150 64 0 16 24
font     D                ttf.c:167  unlock_current_page              [   0.58098] Unlocking page: 000000000273e150
font     D                ttf.c:243  alloc_glyph_region               [   0.58104] Glyph 89: 16x25 (16x28)
font     D                ttf.c:287  alloc_glyph_region               [   0.58107] Locking glyph region: 000000000273e150 80 0 16 28
font     D                ttf.c:167  unlock_current_page              [   0.58117] Unlocking page: 000000000273e150
font     D                ttf.c:243  alloc_glyph_region               [   0.58123] Glyph 84: 16x23 (16x24)
font     D                ttf.c:287  alloc_glyph_region               [   0.58125] Locking glyph region: 000000000273e150 96 0 16 24
font     D                ttf.c:167  unlock_current_page              [   0.58134] Unlocking page: 000000000273e150
font     D                ttf.c:243  alloc_glyph_region               [   0.58140] Glyph 72: 14x24 (16x24)
font     D                ttf.c:287  alloc_glyph_region               [   0.58142] Locking glyph region: 000000000273e150 112 0 16 24
font     D                ttf.c:167  unlock_current_page              [   0.58145] Unlocking page: 000000000273e150
font     D                ttf.c:243  alloc_glyph_region               [   0.58151] Glyph 73: 17x27 (20x28)
font     D                ttf.c:287  alloc_glyph_region               [   0.58154] Locking glyph region: 000000000273e150 128 0 20 28
font     D                ttf.c:167  unlock_current_page              [   0.58158] Unlocking page: 000000000273e150
font     D                ttf.c:243  alloc_glyph_region               [   0.58163] Glyph 78: 8x28 (8x28)
font     D                ttf.c:287  alloc_glyph_region               [   0.58166] Locking glyph region: 000000000273e150 148 0 8 28
font     D                ttf.c:167  unlock_current_page              [   0.58169] Unlocking page: 000000000273e150
d3d      D         d3d_disp.cpp:1202 real_choose_bitmap_format        [   0.58238] Fake format
d3d      D         d3d_disp.cpp:1202 real_choose_bitmap_format        [   0.58242] Fake format
d3d      D         d3d_disp.cpp:1202 real_choose_bitmap_format        [   0.58244] Fake format
d3d      D         d3d_disp.cpp:1202 real_choose_bitmap_format        [   0.58246] Fake format
d3d      D         d3d_disp.cpp:1202 real_choose_bitmap_format        [   0.58249] Fake format
d3d      D         d3d_disp.cpp:1202 real_choose_bitmap_format        [   0.58251] Fake format
d3d      D         d3d_disp.cpp:1202 real_choose_bitmap_format        [   0.58253] Fake format
d3d      D         d3d_disp.cpp:1202 real_choose_bitmap_format        [   0.58257] Fake format
d3d      D         d3d_disp.cpp:1202 real_choose_bitmap_format        [   0.58259] Fake format
d3d      D         d3d_disp.cpp:1210 real_choose_bitmap_format        [   0.58261] Alpha doesn't match
d3d      D         d3d_disp.cpp:1217 real_choose_bitmap_format        [   0.58263] Adapter format is 23
d3d      D         d3d_disp.cpp:1220 real_choose_bitmap_format        [   0.58265] Found a format
d3d      I         d3d_disp.cpp:2391 d3d_create_bitmap                [   0.58267] Chose bitmap format 9
font     D                ttf.c:243  alloc_glyph_region               [   0.58316] Glyph 85: 17x27 (20x28)
font     D                ttf.c:287  alloc_glyph_region               [   0.58320] Locking glyph region: 0000000002743e10 0 0 20 28
font     D                ttf.c:167  unlock_current_page              [   0.58397] Unlocking page: 0000000002743e10
font     D                ttf.c:243  alloc_glyph_region               [   0.58405] Glyph 87: 15x23 (16x24)
font     D                ttf.c:287  alloc_glyph_region               [   0.58408] Locking glyph region: 0000000002743e10 20 0 16 24
font     D                ttf.c:167  unlock_current_page              [   0.58413] Unlocking page: 0000000002743e10
font     D                ttf.c:243  alloc_glyph_region               [   0.58420] Glyph 74: 15x21 (16x24)
font     D                ttf.c:287  alloc_glyph_region               [   0.58423] Locking glyph region: 0000000002743e10 36 0 16 24
font     D                ttf.c:167  unlock_current_page              [   0.58431] Unlocking page: 0000000002743e10
font     D                ttf.c:243  alloc_glyph_region               [   0.58437] Glyph 88: 12x23 (12x24)
font     D                ttf.c:287  alloc_glyph_region               [   0.58440] Locking glyph region: 0000000002743e10 52 0 12 24
font     D                ttf.c:167  unlock_current_page              [   0.58449] Unlocking page: 0000000002743e10
font     D                ttf.c:446  cache_glyph                      [   0.58452] Glyph 5 has zero size.
font     D                ttf.c:243  alloc_glyph_region               [   0.58457] Glyph 42: 16x24 (16x24)
font     D                ttf.c:287  alloc_glyph_region               [   0.58460] Locking glyph region: 0000000002743e10 64 0 16 24
font     D                ttf.c:167  unlock_current_page              [   0.58464] Unlocking page: 0000000002743e10
font     D                ttf.c:243  alloc_glyph_region               [   0.58470] Glyph 72: 14x24 (16x24)
font     D                ttf.c:287  alloc_glyph_region               [   0.58472] Locking glyph region: 0000000002743e10 80 0 16 24
font     D                ttf.c:167  unlock_current_page              [   0.58481] Unlocking page: 0000000002743e10
font     D                ttf.c:243  alloc_glyph_region               [   0.58487] Glyph 89: 16x25 (16x28)
font     D                ttf.c:287  alloc_glyph_region               [   0.58489] Locking glyph region: 0000000002743e10 96 0 16 28
font     D                ttf.c:167  unlock_current_page              [   0.58499] Unlocking page: 0000000002743e10
font     D                ttf.c:243  alloc_glyph_region               [   0.58505] Glyph 84: 16x23 (16x24)
font     D                ttf.c:287  alloc_glyph_region               [   0.58507] Locking glyph region: 0000000002743e10 112 0 16 24
font     D                ttf.c:167  unlock_current_page              [   0.58516] Unlocking page: 0000000002743e10
font     D                ttf.c:243  alloc_glyph_region               [   0.58522] Glyph 93: 17x22 (20x24)
font     D                ttf.c:287  alloc_glyph_region               [   0.58524] Locking glyph region: 0000000002743e10 128 0 20 24
font     D                ttf.c:167  unlock_current_page              [   0.58533] Unlocking page: 0000000002743e10
font     D                ttf.c:243  alloc_glyph_region               [   0.58539] Glyph 78: 8x28 (8x28)
font     D                ttf.c:287  alloc_glyph_region               [   0.58541] Locking glyph region: 0000000002743e10 148 0 8 28
font     D                ttf.c:167  unlock_current_page              [   0.58545] Unlocking page: 0000000002743e10
d3d      D          d3d_bmp.cpp:539  _al_d3d_sync_bitmap              [   0.59379] _al_d3d_sync_bitmap (system) ref count == 1
d3d      D          d3d_bmp.cpp:545  _al_d3d_sync_bitmap              [   0.59387] _al_d3d_sync_bitmap (video) ref count == 1
d3d      D          d3d_bmp.cpp:539  _al_d3d_sync_bitmap              [   0.59394] _al_d3d_sync_bitmap (system) ref count == 1
d3d      D          d3d_bmp.cpp:545  _al_d3d_sync_bitmap              [   0.59400] _al_d3d_sync_bitmap (video) ref count == 1
d3d      D          d3d_bmp.cpp:539  _al_d3d_sync_bitmap              [   0.59743] _al_d3d_sync_bitmap (system) ref count == 1
d3d      D          d3d_bmp.cpp:545  _al_d3d_sync_bitmap              [   0.59754] _al_d3d_sync_bitmap (video) ref count == 1
d3d      D          d3d_bmp.cpp:539  _al_d3d_sync_bitmap              [   0.59867] _al_d3d_sync_bitmap (system) ref count == 1
d3d      D          d3d_bmp.cpp:545  _al_d3d_sync_bitmap              [   0.59875] _al_d3d_sync_bitmap (video) ref count == 1
d3d      D          d3d_bmp.cpp:539  _al_d3d_sync_bitmap              [   0.59976] _al_d3d_sync_bitmap (system) ref count == 1
d3d      D          d3d_bmp.cpp:545  _al_d3d_sync_bitmap              [   0.59981] _al_d3d_sync_bitmap (video) ref count == 1
dtor     D               dtor.c:227  _al_unregister_destructor        [   8.50865] removed dtor for queue 0000000002696580
d3d      I         d3d_disp.cpp:915  d3d_destroy_display              [   8.50873] destroying display 0000000000e0aeb0 (current 0000000000000000)
bitmap   D        bitmap_type.c:308  _al_convert_to_memory_bitmap     [   8.51241] converting display bitmap 0000000002743e10 to memory bitmap
dtor     D               dtor.c:196  _al_register_destructor          [   8.51258] added dtor for bitmap 0000000002693d10, func 00007ffb32041bea
d3d      D          d3d_bmp.cpp:539  _al_d3d_sync_bitmap              [   8.51262] _al_d3d_sync_bitmap (system) ref count == 1
d3d      D          d3d_bmp.cpp:545  _al_d3d_sync_bitmap              [   8.51268] _al_d3d_sync_bitmap (video) ref count == 1
dtor     D               dtor.c:227  _al_unregister_destructor        [   8.51431] removed dtor for bitmap 0000000002693d10
bitmap   D        bitmap_type.c:308  _al_convert_to_memory_bitmap     [   8.51453] converting display bitmap 000000000273e150 to memory bitmap
dtor     D               dtor.c:196  _al_register_destructor          [   8.51457] added dtor for bitmap 0000000002693d10, func 00007ffb32041bea
d3d      D          d3d_bmp.cpp:539  _al_d3d_sync_bitmap              [   8.51460] _al_d3d_sync_bitmap (system) ref count == 1
d3d      D          d3d_bmp.cpp:545  _al_d3d_sync_bitmap              [   8.51462] _al_d3d_sync_bitmap (video) ref count == 1
dtor     D               dtor.c:227  _al_unregister_destructor        [   8.51610] removed dtor for bitmap 0000000002693d10
bitmap   D        bitmap_type.c:308  _al_convert_to_memory_bitmap     [   8.51632] converting display bitmap 00000000026a5ba0 to memory bitmap
dtor     D               dtor.c:196  _al_register_destructor          [   8.51639] added dtor for bitmap 0000000002693d10, func 00007ffb32041bea
d3d      D          d3d_bmp.cpp:539  _al_d3d_sync_bitmap              [   8.51643] _al_d3d_sync_bitmap (system) ref count == 1
d3d      D          d3d_bmp.cpp:545  _al_d3d_sync_bitmap              [   8.51645] _al_d3d_sync_bitmap (video) ref count == 1
dtor     D               dtor.c:227  _al_unregister_destructor        [   8.51778] removed dtor for bitmap 0000000002693d10
bitmap   D        bitmap_type.c:308  _al_convert_to_memory_bitmap     [   8.51804] converting display bitmap 00000000026b4cb0 to memory bitmap
dtor     D               dtor.c:196  _al_register_destructor          [   8.51809] added dtor for bitmap 0000000002693d10, func 00007ffb32041bea
d3d      D          d3d_bmp.cpp:539  _al_d3d_sync_bitmap              [   8.51812] _al_d3d_sync_bitmap (system) ref count == 1
d3d      D          d3d_bmp.cpp:545  _al_d3d_sync_bitmap              [   8.51814] _al_d3d_sync_bitmap (video) ref count == 1
dtor     D               dtor.c:227  _al_unregister_destructor        [   8.52241] removed dtor for bitmap 0000000002693d10
bitmap   D        bitmap_type.c:308  _al_convert_to_memory_bitmap     [   8.52314] converting display bitmap 000000000269b4b0 to memory bitmap
dtor     D               dtor.c:196  _al_register_destructor          [   8.52319] added dtor for bitmap 0000000002693d10, func 00007ffb32041bea
d3d      D          d3d_bmp.cpp:539  _al_d3d_sync_bitmap              [   8.52322] _al_d3d_sync_bitmap (system) ref count == 1
d3d      D          d3d_bmp.cpp:545  _al_d3d_sync_bitmap              [   8.52324] _al_d3d_sync_bitmap (video) ref count == 1
dtor     D               dtor.c:227  _al_unregister_destructor        [   8.52369] removed dtor for bitmap 0000000002693d10
d3d      D         d3d_disp.cpp:899  d3d_destroy_display_internals    [   8.52374] waiting for display 0000000000e0aeb0's thread to end
d3d      W         d3d_disp.cpp:608  d3d_destroy_device               [   8.53273] d3d_destroy_device: ref count not 0
d3d      I         d3d_disp.cpp:1562 d3d_display_thread_proc          [   8.55328] d3d display thread exits
dtor     D               dtor.c:116  _al_run_destructors              [   8.55452] calling dtor for ttf_font 00000000026b1eb0, func 00007ffb32164c05
dtor     D               dtor.c:227  _al_unregister_destructor        [   8.55460] removed dtor for ttf_font 00000000026b1eb0
dtor     D               dtor.c:116  _al_run_destructors              [   8.55486] calling dtor for ttf_font 00000000026b23f0, func 00007ffb32164c05
dtor     D               dtor.c:227  _al_unregister_destructor        [   8.55491] removed dtor for ttf_font 00000000026b23f0
dtor     D               dtor.c:116  _al_run_destructors              [   8.55511] calling dtor for ttf_font 0000000002693090, func 00007ffb32164c05
dtor     D               dtor.c:227  _al_unregister_destructor        [   8.55514] removed dtor for ttf_font 0000000002693090
dtor     D               dtor.c:116  _al_run_destructors              [   8.55529] calling dtor for bitmap 00000000026b4cb0, func 00007ffb32041bea
dtor     D               dtor.c:227  _al_unregister_destructor        [   8.55533] removed dtor for bitmap 00000000026b4cb0
dtor     D               dtor.c:116  _al_run_destructors              [   8.55582] calling dtor for bitmap 000000000269b4b0, func 00007ffb32041bea
dtor     D               dtor.c:227  _al_unregister_destructor        [   8.55587] removed dtor for bitmap 000000000269b4b0
dtor     D               dtor.c:116  _al_run_destructors              [   8.55593] calling dtor for timer 0000000002697e30, func 00007ffb3207fb3b
dtor     D               dtor.c:227  _al_unregister_destructor        [   8.55597] removed dtor for timer 0000000002697e30
dtor     D               dtor.c:227  _al_unregister_destructor        [   8.55605] removed dtor for sample_instance 0000000002699010
dtor     D               dtor.c:227  _al_unregister_destructor        [   8.55610] removed dtor for sample_instance 0000000002699af0
dtor     D               dtor.c:227  _al_unregister_destructor        [   8.55613] removed dtor for sample_instance 0000000002699530
dtor     D               dtor.c:227  _al_unregister_destructor        [   8.55617] removed dtor for sample_instance 0000000002699650
dtor     D               dtor.c:227  _al_unregister_destructor        [   8.55620] removed dtor for sample_instance 0000000002699c10
dtor     D               dtor.c:227  _al_unregister_destructor        [   8.55623] removed dtor for sample_instance 0000000002699d30
dtor     D               dtor.c:227  _al_unregister_destructor        [   8.55625] removed dtor for sample_instance 0000000002699e50
dtor     D               dtor.c:227  _al_unregister_destructor        [   8.55627] removed dtor for sample_instance 0000000002699f70
dtor     D               dtor.c:227  _al_unregister_destructor        [   8.55631] removed dtor for sample_instance 000000000269a1a0
dtor     D               dtor.c:227  _al_unregister_destructor        [   8.55635] removed dtor for sample_instance 000000000269a2c0
dtor     D               dtor.c:227  _al_unregister_destructor        [   8.55638] removed dtor for sample_instance 000000000269a3e0
dtor     D               dtor.c:227  _al_unregister_destructor        [   8.55641] removed dtor for sample_instance 00000000026ae100
dtor     D               dtor.c:227  _al_unregister_destructor        [   8.55643] removed dtor for sample_instance 00000000026ae340
dtor     D               dtor.c:227  _al_unregister_destructor        [   8.55646] removed dtor for sample_instance 00000000026ae7c0
dtor     D               dtor.c:227  _al_unregister_destructor        [   8.55655] removed dtor for sample_instance 00000000026ae8e0
dtor     D               dtor.c:227  _al_unregister_destructor        [   8.55658] removed dtor for sample_instance 00000000026aec40
dtor     D               dtor.c:227  _al_unregister_destructor        [   8.55660] removed dtor for sample_instance 00000000026ae6a0
dtor     D               dtor.c:227  _al_unregister_destructor        [   8.55663] removed dtor for sample_instance 00000000026ae580
dtor     D               dtor.c:227  _al_unregister_destructor        [   8.55665] removed dtor for sample_instance 00000000026aea00
dtor     D               dtor.c:227  _al_unregister_destructor        [   8.55668] removed dtor for sample_instance 00000000026aeb20
dtor     D               dtor.c:227  _al_unregister_destructor        [   8.55670] removed dtor for mixer 0000000002698eb0
audio-dsound D           dsound.cpp:528  _dsound_stop_voice               [   8.55673] Stopping voice
audio-dsound D           dsound.cpp:545  _dsound_stop_voice               [   8.55675] Joining thread
audio-dsound D           dsound.cpp:551  _dsound_stop_voice               [   8.56169] Joined thread
audio-dsound D           dsound.cpp:553  _dsound_stop_voice               [   8.56175] Destroying thread
audio-dsound D           dsound.cpp:555  _dsound_stop_voice               [   8.56177] Thread destroyed
audio-dsound D           dsound.cpp:562  _dsound_stop_voice               [   8.56179] Releasing buffer
audio-dsound I           dsound.cpp:566  _dsound_stop_voice               [   8.56182] Voice stopped
dtor     D               dtor.c:227  _al_unregister_destructor        [   8.56186] removed dtor for voice 0000000002694220
audio-dsound D           dsound.cpp:380  _dsound_deallocate_voice         [   8.56189] Deallocating voice
audio-dsound D           dsound.cpp:385  _dsound_deallocate_voice         [   8.56191] Deallocated voice
dtor     D               dtor.c:116  _al_run_destructors              [   8.56193] calling dtor for sample_instance 00000000026ae220, func 00007ffb3216929b
dtor     D               dtor.c:227  _al_unregister_destructor        [   8.56196] removed dtor for sample_instance 00000000026ae220
dtor     D               dtor.c:116  _al_run_destructors              [   8.56198] calling dtor for sample 00000000026b2450, func 00007ffb32171a1d
dtor     D               dtor.c:227  _al_unregister_destructor        [   8.56200] removed dtor for sample 00000000026b2450
audio-dsound D           dsound.cpp:296  _dsound_close                    [   8.56246] Releasing device
audio-dsound D           dsound.cpp:298  _dsound_close                    [   8.58121] Released device
audio-dsound I           dsound.cpp:299  _dsound_close                    [   8.58129] DirectSound closed
